INFO:django.utils.autoreload:Watching for file changes with StatReloader
DEBUG:urllib3.connectionpool:Starting new HTTPS connection (1): o996770.ingest.sentry.io:443
ERROR:django.request:Internal Server Error: /graphql
Traceback (most recent call last):
  File "C:\Users\Basti\OneDrive\Documents\My Websites\Handmade Sites\Backend-Projects\Alternate-CMS\env\lib\site-packages\graphene_django\settings.py", line 74, in import_from_string
    module = importlib.import_module(module_path)
  File "c:\python39\lib\importlib\__init__.py", line 127, in import_module
    return _bootstrap._gcd_import(name[level:], package, level)
  File "<frozen importlib._bootstrap>", line 1030, in _gcd_import
  File "<frozen importlib._bootstrap>", line 1007, in _find_and_load
  File "<frozen importlib._bootstrap>", line 986, in _find_and_load_unlocked
  File "<frozen importlib._bootstrap>", line 680, in _load_unlocked
  File "<frozen importlib._bootstrap_external>", line 850, in exec_module
  File "<frozen importlib._bootstrap>", line 228, in _call_with_frames_removed
  File "C:\Users\Basti\OneDrive\Documents\My Websites\Handmade Sites\Backend-Projects\Alternate-CMS\shop\schema.py", line 4, in <module>
    from graphene_django.filter import DjangoFilterConnectionField
ImportError: cannot import name 'DjangoFilterConnectionField' from 'graphene_django.filter' (C:\Users\Basti\OneDrive\Documents\My Websites\Handmade Sites\Backend-Projects\Alternate-CMS\env\lib\site-packages\graphene_django\filter\__init__.py)

During handling of the above exception, another exception occurred:

Traceback (most recent call last):
  File "C:\Users\Basti\OneDrive\Documents\My Websites\Handmade Sites\Backend-Projects\Alternate-CMS\env\lib\site-packages\django\core\handlers\exception.py", line 34, in inner
    response = get_response(request)
  File "C:\Users\Basti\OneDrive\Documents\My Websites\Handmade Sites\Backend-Projects\Alternate-CMS\env\lib\site-packages\django\core\handlers\base.py", line 115, in _get_response
    response = self.process_exception_by_middleware(e, request)
  File "C:\Users\Basti\OneDrive\Documents\My Websites\Handmade Sites\Backend-Projects\Alternate-CMS\env\lib\site-packages\django\core\handlers\base.py", line 113, in _get_response
    response = wrapped_callback(request, *callback_args, **callback_kwargs)
  File "C:\Users\Basti\OneDrive\Documents\My Websites\Handmade Sites\Backend-Projects\Alternate-CMS\env\lib\site-packages\sentry_sdk\integrations\django\views.py", line 67, in sentry_wrapped_callback
    return callback(request, *args, **kwargs)
  File "C:\Users\Basti\OneDrive\Documents\My Websites\Handmade Sites\Backend-Projects\Alternate-CMS\env\lib\site-packages\django\views\decorators\csrf.py", line 54, in wrapped_view
    return view_func(*args, **kwargs)
  File "C:\Users\Basti\OneDrive\Documents\My Websites\Handmade Sites\Backend-Projects\Alternate-CMS\env\lib\site-packages\django\views\generic\base.py", line 62, in view
    self = cls(**initkwargs)
  File "C:\Users\Basti\OneDrive\Documents\My Websites\Handmade Sites\Backend-Projects\Alternate-CMS\env\lib\site-packages\graphene_django\views.py", line 70, in __init__
    schema = graphene_settings.SCHEMA
  File "C:\Users\Basti\OneDrive\Documents\My Websites\Handmade Sites\Backend-Projects\Alternate-CMS\env\lib\site-packages\graphene_django\settings.py", line 116, in __getattr__
    val = perform_import(val, attr)
  File "C:\Users\Basti\OneDrive\Documents\My Websites\Handmade Sites\Backend-Projects\Alternate-CMS\env\lib\site-packages\graphene_django\settings.py", line 60, in perform_import
    return import_from_string(val, setting_name)
  File "C:\Users\Basti\OneDrive\Documents\My Websites\Handmade Sites\Backend-Projects\Alternate-CMS\env\lib\site-packages\graphene_django\settings.py", line 78, in import_from_string
    raise ImportError(msg)
ImportError: Could not import 'shop.schema.schema' for Graphene setting 'SCHEMA'. ImportError: cannot import name 'DjangoFilterConnectionField' from 'graphene_django.filter' (C:\Users\Basti\OneDrive\Documents\My Websites\Handmade Sites\Backend-Projects\Alternate-CMS\env\lib\site-packages\graphene_django\filter\__init__.py).
DEBUG:urllib3.connectionpool:https://o996770.ingest.sentry.io:443 "POST /api/5955273/store/ HTTP/1.1" 200 41
DEBUG:urllib3.connectionpool:https://o996770.ingest.sentry.io:443 "POST /api/5955273/envelope/ HTTP/1.1" 200 41
DEBUG:urllib3.connectionpool:https://o996770.ingest.sentry.io:443 "POST /api/5955273/envelope/ HTTP/1.1" 200 41
WARNING:django.request:Not Found: /en/favicon.ico/
DEBUG:urllib3.connectionpool:https://o996770.ingest.sentry.io:443 "POST /api/5955273/envelope/ HTTP/1.1" 200 41
DEBUG:urllib3.connectionpool:https://o996770.ingest.sentry.io:443 "POST /api/5955273/envelope/ HTTP/1.1" 200 41
DEBUG:urllib3.connectionpool:https://o996770.ingest.sentry.io:443 "POST /api/5955273/envelope/ HTTP/1.1" 200 41
DEBUG:urllib3.connectionpool:https://o996770.ingest.sentry.io:443 "POST /api/5955273/envelope/ HTTP/1.1" 200 41
DEBUG:urllib3.connectionpool:https://o996770.ingest.sentry.io:443 "POST /api/5955273/envelope/ HTTP/1.1" 200 41
DEBUG:urllib3.connectionpool:https://o996770.ingest.sentry.io:443 "POST /api/5955273/envelope/ HTTP/1.1" 200 41
DEBUG:urllib3.connectionpool:https://o996770.ingest.sentry.io:443 "POST /api/5955273/envelope/ HTTP/1.1" 200 41
DEBUG:urllib3.connectionpool:https://o996770.ingest.sentry.io:443 "POST /api/5955273/envelope/ HTTP/1.1" 200 41
DEBUG:urllib3.connectionpool:https://o996770.ingest.sentry.io:443 "POST /api/5955273/envelope/ HTTP/1.1" 200 41
DEBUG:urllib3.connectionpool:https://o996770.ingest.sentry.io:443 "POST /api/5955273/envelope/ HTTP/1.1" 200 41
DEBUG:urllib3.connectionpool:https://o996770.ingest.sentry.io:443 "POST /api/5955273/envelope/ HTTP/1.1" 200 41
DEBUG:urllib3.connectionpool:https://o996770.ingest.sentry.io:443 "POST /api/5955273/envelope/ HTTP/1.1" 200 2
DEBUG:urllib3.connectionpool:https://o996770.ingest.sentry.io:443 "POST /api/5955273/envelope/ HTTP/1.1" 200 41
DEBUG:urllib3.connectionpool:https://o996770.ingest.sentry.io:443 "POST /api/5955273/envelope/ HTTP/1.1" 200 41
DEBUG:urllib3.connectionpool:https://o996770.ingest.sentry.io:443 "POST /api/5955273/envelope/ HTTP/1.1" 200 41
DEBUG:urllib3.connectionpool:https://o996770.ingest.sentry.io:443 "POST /api/5955273/envelope/ HTTP/1.1" 200 41
DEBUG:urllib3.connectionpool:https://o996770.ingest.sentry.io:443 "POST /api/5955273/envelope/ HTTP/1.1" 200 41
DEBUG:urllib3.connectionpool:https://o996770.ingest.sentry.io:443 "POST /api/5955273/envelope/ HTTP/1.1" 200 41
DEBUG:urllib3.connectionpool:https://o996770.ingest.sentry.io:443 "POST /api/5955273/envelope/ HTTP/1.1" 200 41
DEBUG:urllib3.connectionpool:https://o996770.ingest.sentry.io:443 "POST /api/5955273/envelope/ HTTP/1.1" 200 41
DEBUG:urllib3.connectionpool:https://o996770.ingest.sentry.io:443 "POST /api/5955273/envelope/ HTTP/1.1" 200 41
DEBUG:urllib3.connectionpool:https://o996770.ingest.sentry.io:443 "POST /api/5955273/envelope/ HTTP/1.1" 200 41
DEBUG:urllib3.connectionpool:https://o996770.ingest.sentry.io:443 "POST /api/5955273/envelope/ HTTP/1.1" 200 41
DEBUG:urllib3.connectionpool:https://o996770.ingest.sentry.io:443 "POST /api/5955273/envelope/ HTTP/1.1" 200 41
DEBUG:urllib3.connectionpool:https://o996770.ingest.sentry.io:443 "POST /api/5955273/envelope/ HTTP/1.1" 200 41
DEBUG:urllib3.connectionpool:https://o996770.ingest.sentry.io:443 "POST /api/5955273/envelope/ HTTP/1.1" 200 41
DEBUG:urllib3.connectionpool:https://o996770.ingest.sentry.io:443 "POST /api/5955273/envelope/ HTTP/1.1" 200 41
DEBUG:urllib3.connectionpool:https://o996770.ingest.sentry.io:443 "POST /api/5955273/envelope/ HTTP/1.1" 200 41
DEBUG:urllib3.connectionpool:https://o996770.ingest.sentry.io:443 "POST /api/5955273/envelope/ HTTP/1.1" 200 41
DEBUG:urllib3.connectionpool:https://o996770.ingest.sentry.io:443 "POST /api/5955273/envelope/ HTTP/1.1" 200 41
DEBUG:urllib3.connectionpool:https://o996770.ingest.sentry.io:443 "POST /api/5955273/envelope/ HTTP/1.1" 200 41
DEBUG:urllib3.connectionpool:https://o996770.ingest.sentry.io:443 "POST /api/5955273/envelope/ HTTP/1.1" 200 41
DEBUG:urllib3.connectionpool:https://o996770.ingest.sentry.io:443 "POST /api/5955273/envelope/ HTTP/1.1" 200 41
DEBUG:urllib3.connectionpool:https://o996770.ingest.sentry.io:443 "POST /api/5955273/envelope/ HTTP/1.1" 200 41
DEBUG:urllib3.connectionpool:https://o996770.ingest.sentry.io:443 "POST /api/5955273/envelope/ HTTP/1.1" 200 41
DEBUG:urllib3.connectionpool:https://o996770.ingest.sentry.io:443 "POST /api/5955273/envelope/ HTTP/1.1" 200 41
DEBUG:urllib3.connectionpool:https://o996770.ingest.sentry.io:443 "POST /api/5955273/store/ HTTP/1.1" 200 41
ERROR:django.request:Internal Server Error: /graphql
Traceback (most recent call last):
  File "C:\Users\Basti\OneDrive\Documents\My Websites\Handmade Sites\Backend-Projects\Alternate-CMS\env\lib\site-packages\graphene_django\settings.py", line 74, in import_from_string
    module = importlib.import_module(module_path)
  File "c:\python39\lib\importlib\__init__.py", line 127, in import_module
    return _bootstrap._gcd_import(name[level:], package, level)
  File "<frozen importlib._bootstrap>", line 1030, in _gcd_import
  File "<frozen importlib._bootstrap>", line 1007, in _find_and_load
  File "<frozen importlib._bootstrap>", line 986, in _find_and_load_unlocked
  File "<frozen importlib._bootstrap>", line 680, in _load_unlocked
  File "<frozen importlib._bootstrap_external>", line 850, in exec_module
  File "<frozen importlib._bootstrap>", line 228, in _call_with_frames_removed
  File "C:\Users\Basti\OneDrive\Documents\My Websites\Handmade Sites\Backend-Projects\Alternate-CMS\shop\schema.py", line 4, in <module>
    from graphene_django.filter import DjangoFilterConnectionField
ImportError: cannot import name 'DjangoFilterConnectionField' from 'graphene_django.filter' (C:\Users\Basti\OneDrive\Documents\My Websites\Handmade Sites\Backend-Projects\Alternate-CMS\env\lib\site-packages\graphene_django\filter\__init__.py)

During handling of the above exception, another exception occurred:

Traceback (most recent call last):
  File "C:\Users\Basti\OneDrive\Documents\My Websites\Handmade Sites\Backend-Projects\Alternate-CMS\env\lib\site-packages\django\core\handlers\exception.py", line 34, in inner
    response = get_response(request)
  File "C:\Users\Basti\OneDrive\Documents\My Websites\Handmade Sites\Backend-Projects\Alternate-CMS\env\lib\site-packages\django\core\handlers\base.py", line 115, in _get_response
    response = self.process_exception_by_middleware(e, request)
  File "C:\Users\Basti\OneDrive\Documents\My Websites\Handmade Sites\Backend-Projects\Alternate-CMS\env\lib\site-packages\django\core\handlers\base.py", line 113, in _get_response
    response = wrapped_callback(request, *callback_args, **callback_kwargs)
  File "C:\Users\Basti\OneDrive\Documents\My Websites\Handmade Sites\Backend-Projects\Alternate-CMS\env\lib\site-packages\sentry_sdk\integrations\django\views.py", line 67, in sentry_wrapped_callback
    return callback(request, *args, **kwargs)
  File "C:\Users\Basti\OneDrive\Documents\My Websites\Handmade Sites\Backend-Projects\Alternate-CMS\env\lib\site-packages\django\views\decorators\csrf.py", line 54, in wrapped_view
    return view_func(*args, **kwargs)
  File "C:\Users\Basti\OneDrive\Documents\My Websites\Handmade Sites\Backend-Projects\Alternate-CMS\env\lib\site-packages\django\views\generic\base.py", line 62, in view
    self = cls(**initkwargs)
  File "C:\Users\Basti\OneDrive\Documents\My Websites\Handmade Sites\Backend-Projects\Alternate-CMS\env\lib\site-packages\graphene_django\views.py", line 70, in __init__
    schema = graphene_settings.SCHEMA
  File "C:\Users\Basti\OneDrive\Documents\My Websites\Handmade Sites\Backend-Projects\Alternate-CMS\env\lib\site-packages\graphene_django\settings.py", line 116, in __getattr__
    val = perform_import(val, attr)
  File "C:\Users\Basti\OneDrive\Documents\My Websites\Handmade Sites\Backend-Projects\Alternate-CMS\env\lib\site-packages\graphene_django\settings.py", line 60, in perform_import
    return import_from_string(val, setting_name)
  File "C:\Users\Basti\OneDrive\Documents\My Websites\Handmade Sites\Backend-Projects\Alternate-CMS\env\lib\site-packages\graphene_django\settings.py", line 78, in import_from_string
    raise ImportError(msg)
ImportError: Could not import 'shop.schema.schema' for Graphene setting 'SCHEMA'. ImportError: cannot import name 'DjangoFilterConnectionField' from 'graphene_django.filter' (C:\Users\Basti\OneDrive\Documents\My Websites\Handmade Sites\Backend-Projects\Alternate-CMS\env\lib\site-packages\graphene_django\filter\__init__.py).
DEBUG:urllib3.connectionpool:https://o996770.ingest.sentry.io:443 "POST /api/5955273/envelope/ HTTP/1.1" 200 41
DEBUG:urllib3.connectionpool:https://o996770.ingest.sentry.io:443 "POST /api/5955273/envelope/ HTTP/1.1" 200 2
INFO:django.utils.autoreload:Watching for file changes with StatReloader
DEBUG:urllib3.connectionpool:Starting new HTTPS connection (1): o996770.ingest.sentry.io:443
DEBUG:urllib3.connectionpool:https://o996770.ingest.sentry.io:443 "POST /api/5955273/envelope/ HTTP/1.1" 200 41
DEBUG:urllib3.connectionpool:https://o996770.ingest.sentry.io:443 "POST /api/5955273/envelope/ HTTP/1.1" 200 41
DEBUG:urllib3.connectionpool:https://o996770.ingest.sentry.io:443 "POST /api/5955273/envelope/ HTTP/1.1" 200 2
DEBUG:urllib3.connectionpool:Resetting dropped connection: o996770.ingest.sentry.io
DEBUG:urllib3.connectionpool:https://o996770.ingest.sentry.io:443 "POST /api/5955273/envelope/ HTTP/1.1" 200 41
DEBUG:urllib3.connectionpool:https://o996770.ingest.sentry.io:443 "POST /api/5955273/envelope/ HTTP/1.1" 200 2
DEBUG:urllib3.connectionpool:https://o996770.ingest.sentry.io:443 "POST /api/5955273/envelope/ HTTP/1.1" 200 41
DEBUG:urllib3.connectionpool:https://o996770.ingest.sentry.io:443 "POST /api/5955273/envelope/ HTTP/1.1" 200 41
DEBUG:urllib3.connectionpool:https://o996770.ingest.sentry.io:443 "POST /api/5955273/envelope/ HTTP/1.1" 200 41
DEBUG:urllib3.connectionpool:https://o996770.ingest.sentry.io:443 "POST /api/5955273/envelope/ HTTP/1.1" 200 41
DEBUG:urllib3.connectionpool:https://o996770.ingest.sentry.io:443 "POST /api/5955273/envelope/ HTTP/1.1" 200 41
DEBUG:urllib3.connectionpool:https://o996770.ingest.sentry.io:443 "POST /api/5955273/envelope/ HTTP/1.1" 200 41
DEBUG:urllib3.connectionpool:https://o996770.ingest.sentry.io:443 "POST /api/5955273/envelope/ HTTP/1.1" 200 41
DEBUG:urllib3.connectionpool:https://o996770.ingest.sentry.io:443 "POST /api/5955273/envelope/ HTTP/1.1" 200 41
DEBUG:urllib3.connectionpool:https://o996770.ingest.sentry.io:443 "POST /api/5955273/envelope/ HTTP/1.1" 200 41
DEBUG:urllib3.connectionpool:https://o996770.ingest.sentry.io:443 "POST /api/5955273/envelope/ HTTP/1.1" 200 41
DEBUG:urllib3.connectionpool:https://o996770.ingest.sentry.io:443 "POST /api/5955273/envelope/ HTTP/1.1" 200 41
DEBUG:urllib3.connectionpool:https://o996770.ingest.sentry.io:443 "POST /api/5955273/envelope/ HTTP/1.1" 200 41
DEBUG:urllib3.connectionpool:https://o996770.ingest.sentry.io:443 "POST /api/5955273/envelope/ HTTP/1.1" 200 41
DEBUG:urllib3.connectionpool:https://o996770.ingest.sentry.io:443 "POST /api/5955273/envelope/ HTTP/1.1" 200 41
DEBUG:urllib3.connectionpool:https://o996770.ingest.sentry.io:443 "POST /api/5955273/envelope/ HTTP/1.1" 200 41
DEBUG:urllib3.connectionpool:https://o996770.ingest.sentry.io:443 "POST /api/5955273/envelope/ HTTP/1.1" 200 41
DEBUG:urllib3.connectionpool:https://o996770.ingest.sentry.io:443 "POST /api/5955273/envelope/ HTTP/1.1" 200 41
DEBUG:urllib3.connectionpool:https://o996770.ingest.sentry.io:443 "POST /api/5955273/envelope/ HTTP/1.1" 200 41
DEBUG:urllib3.connectionpool:https://o996770.ingest.sentry.io:443 "POST /api/5955273/envelope/ HTTP/1.1" 200 41
DEBUG:urllib3.connectionpool:https://o996770.ingest.sentry.io:443 "POST /api/5955273/envelope/ HTTP/1.1" 200 41
DEBUG:urllib3.connectionpool:https://o996770.ingest.sentry.io:443 "POST /api/5955273/envelope/ HTTP/1.1" 200 41
DEBUG:urllib3.connectionpool:https://o996770.ingest.sentry.io:443 "POST /api/5955273/envelope/ HTTP/1.1" 200 41
DEBUG:urllib3.connectionpool:https://o996770.ingest.sentry.io:443 "POST /api/5955273/envelope/ HTTP/1.1" 200 41
DEBUG:urllib3.connectionpool:https://o996770.ingest.sentry.io:443 "POST /api/5955273/envelope/ HTTP/1.1" 200 41
DEBUG:urllib3.connectionpool:https://o996770.ingest.sentry.io:443 "POST /api/5955273/envelope/ HTTP/1.1" 200 41
DEBUG:urllib3.connectionpool:https://o996770.ingest.sentry.io:443 "POST /api/5955273/envelope/ HTTP/1.1" 200 41
DEBUG:urllib3.connectionpool:https://o996770.ingest.sentry.io:443 "POST /api/5955273/envelope/ HTTP/1.1" 200 41
DEBUG:urllib3.connectionpool:https://o996770.ingest.sentry.io:443 "POST /api/5955273/envelope/ HTTP/1.1" 200 41
DEBUG:urllib3.connectionpool:https://o996770.ingest.sentry.io:443 "POST /api/5955273/envelope/ HTTP/1.1" 200 41
DEBUG:urllib3.connectionpool:https://o996770.ingest.sentry.io:443 "POST /api/5955273/envelope/ HTTP/1.1" 200 41
DEBUG:urllib3.connectionpool:https://o996770.ingest.sentry.io:443 "POST /api/5955273/envelope/ HTTP/1.1" 200 41
DEBUG:urllib3.connectionpool:https://o996770.ingest.sentry.io:443 "POST /api/5955273/envelope/ HTTP/1.1" 200 41
DEBUG:urllib3.connectionpool:https://o996770.ingest.sentry.io:443 "POST /api/5955273/envelope/ HTTP/1.1" 200 41
DEBUG:urllib3.connectionpool:https://o996770.ingest.sentry.io:443 "POST /api/5955273/envelope/ HTTP/1.1" 200 41
DEBUG:urllib3.connectionpool:https://o996770.ingest.sentry.io:443 "POST /api/5955273/envelope/ HTTP/1.1" 200 41
DEBUG:urllib3.connectionpool:https://o996770.ingest.sentry.io:443 "POST /api/5955273/envelope/ HTTP/1.1" 200 41
DEBUG:urllib3.connectionpool:https://o996770.ingest.sentry.io:443 "POST /api/5955273/envelope/ HTTP/1.1" 200 41
DEBUG:urllib3.connectionpool:https://o996770.ingest.sentry.io:443 "POST /api/5955273/envelope/ HTTP/1.1" 200 41
DEBUG:urllib3.connectionpool:https://o996770.ingest.sentry.io:443 "POST /api/5955273/envelope/ HTTP/1.1" 200 41
DEBUG:urllib3.connectionpool:https://o996770.ingest.sentry.io:443 "POST /api/5955273/envelope/ HTTP/1.1" 200 41
DEBUG:urllib3.connectionpool:https://o996770.ingest.sentry.io:443 "POST /api/5955273/envelope/ HTTP/1.1" 200 41
DEBUG:urllib3.connectionpool:https://o996770.ingest.sentry.io:443 "POST /api/5955273/envelope/ HTTP/1.1" 200 2
DEBUG:urllib3.connectionpool:https://o996770.ingest.sentry.io:443 "POST /api/5955273/envelope/ HTTP/1.1" 200 41
DEBUG:urllib3.connectionpool:https://o996770.ingest.sentry.io:443 "POST /api/5955273/envelope/ HTTP/1.1" 200 41
DEBUG:urllib3.connectionpool:https://o996770.ingest.sentry.io:443 "POST /api/5955273/envelope/ HTTP/1.1" 200 41
DEBUG:urllib3.connectionpool:https://o996770.ingest.sentry.io:443 "POST /api/5955273/envelope/ HTTP/1.1" 200 41
DEBUG:urllib3.connectionpool:https://o996770.ingest.sentry.io:443 "POST /api/5955273/envelope/ HTTP/1.1" 200 41
DEBUG:urllib3.connectionpool:https://o996770.ingest.sentry.io:443 "POST /api/5955273/envelope/ HTTP/1.1" 200 41
DEBUG:urllib3.connectionpool:https://o996770.ingest.sentry.io:443 "POST /api/5955273/envelope/ HTTP/1.1" 200 41
DEBUG:urllib3.connectionpool:https://o996770.ingest.sentry.io:443 "POST /api/5955273/envelope/ HTTP/1.1" 200 41
DEBUG:urllib3.connectionpool:https://o996770.ingest.sentry.io:443 "POST /api/5955273/envelope/ HTTP/1.1" 200 41
DEBUG:urllib3.connectionpool:https://o996770.ingest.sentry.io:443 "POST /api/5955273/envelope/ HTTP/1.1" 200 41
DEBUG:urllib3.connectionpool:https://o996770.ingest.sentry.io:443 "POST /api/5955273/envelope/ HTTP/1.1" 200 41
DEBUG:urllib3.connectionpool:https://o996770.ingest.sentry.io:443 "POST /api/5955273/envelope/ HTTP/1.1" 200 41
DEBUG:urllib3.connectionpool:https://o996770.ingest.sentry.io:443 "POST /api/5955273/envelope/ HTTP/1.1" 200 41
DEBUG:urllib3.connectionpool:https://o996770.ingest.sentry.io:443 "POST /api/5955273/envelope/ HTTP/1.1" 200 41
DEBUG:urllib3.connectionpool:https://o996770.ingest.sentry.io:443 "POST /api/5955273/envelope/ HTTP/1.1" 200 41
DEBUG:urllib3.connectionpool:https://o996770.ingest.sentry.io:443 "POST /api/5955273/envelope/ HTTP/1.1" 200 41
DEBUG:urllib3.connectionpool:https://o996770.ingest.sentry.io:443 "POST /api/5955273/envelope/ HTTP/1.1" 200 41
DEBUG:urllib3.connectionpool:https://o996770.ingest.sentry.io:443 "POST /api/5955273/envelope/ HTTP/1.1" 200 41
DEBUG:urllib3.connectionpool:https://o996770.ingest.sentry.io:443 "POST /api/5955273/envelope/ HTTP/1.1" 200 41
DEBUG:urllib3.connectionpool:https://o996770.ingest.sentry.io:443 "POST /api/5955273/envelope/ HTTP/1.1" 200 41
DEBUG:urllib3.connectionpool:https://o996770.ingest.sentry.io:443 "POST /api/5955273/envelope/ HTTP/1.1" 200 41
DEBUG:urllib3.connectionpool:https://o996770.ingest.sentry.io:443 "POST /api/5955273/envelope/ HTTP/1.1" 200 41
DEBUG:urllib3.connectionpool:https://o996770.ingest.sentry.io:443 "POST /api/5955273/envelope/ HTTP/1.1" 200 2
DEBUG:urllib3.connectionpool:https://o996770.ingest.sentry.io:443 "POST /api/5955273/envelope/ HTTP/1.1" 200 41
DEBUG:urllib3.connectionpool:https://o996770.ingest.sentry.io:443 "POST /api/5955273/envelope/ HTTP/1.1" 200 41
DEBUG:urllib3.connectionpool:https://o996770.ingest.sentry.io:443 "POST /api/5955273/envelope/ HTTP/1.1" 200 41
DEBUG:urllib3.connectionpool:https://o996770.ingest.sentry.io:443 "POST /api/5955273/envelope/ HTTP/1.1" 200 41
DEBUG:urllib3.connectionpool:https://o996770.ingest.sentry.io:443 "POST /api/5955273/envelope/ HTTP/1.1" 200 41
DEBUG:urllib3.connectionpool:https://o996770.ingest.sentry.io:443 "POST /api/5955273/envelope/ HTTP/1.1" 200 41
DEBUG:urllib3.connectionpool:https://o996770.ingest.sentry.io:443 "POST /api/5955273/envelope/ HTTP/1.1" 200 41
DEBUG:urllib3.connectionpool:https://o996770.ingest.sentry.io:443 "POST /api/5955273/envelope/ HTTP/1.1" 200 41
DEBUG:urllib3.connectionpool:https://o996770.ingest.sentry.io:443 "POST /api/5955273/envelope/ HTTP/1.1" 200 2
DEBUG:urllib3.connectionpool:https://o996770.ingest.sentry.io:443 "POST /api/5955273/envelope/ HTTP/1.1" 200 41
DEBUG:urllib3.connectionpool:https://o996770.ingest.sentry.io:443 "POST /api/5955273/envelope/ HTTP/1.1" 200 41
DEBUG:urllib3.connectionpool:https://o996770.ingest.sentry.io:443 "POST /api/5955273/envelope/ HTTP/1.1" 200 41
DEBUG:urllib3.connectionpool:https://o996770.ingest.sentry.io:443 "POST /api/5955273/envelope/ HTTP/1.1" 200 41
DEBUG:urllib3.connectionpool:https://o996770.ingest.sentry.io:443 "POST /api/5955273/envelope/ HTTP/1.1" 200 41
DEBUG:urllib3.connectionpool:https://o996770.ingest.sentry.io:443 "POST /api/5955273/envelope/ HTTP/1.1" 200 41
DEBUG:urllib3.connectionpool:https://o996770.ingest.sentry.io:443 "POST /api/5955273/envelope/ HTTP/1.1" 200 41
DEBUG:urllib3.connectionpool:https://o996770.ingest.sentry.io:443 "POST /api/5955273/envelope/ HTTP/1.1" 200 41
DEBUG:urllib3.connectionpool:https://o996770.ingest.sentry.io:443 "POST /api/5955273/envelope/ HTTP/1.1" 200 41
DEBUG:urllib3.connectionpool:https://o996770.ingest.sentry.io:443 "POST /api/5955273/envelope/ HTTP/1.1" 200 41
DEBUG:urllib3.connectionpool:https://o996770.ingest.sentry.io:443 "POST /api/5955273/envelope/ HTTP/1.1" 200 41
DEBUG:urllib3.connectionpool:https://o996770.ingest.sentry.io:443 "POST /api/5955273/envelope/ HTTP/1.1" 200 41
DEBUG:urllib3.connectionpool:https://o996770.ingest.sentry.io:443 "POST /api/5955273/envelope/ HTTP/1.1" 200 41
DEBUG:urllib3.connectionpool:https://o996770.ingest.sentry.io:443 "POST /api/5955273/envelope/ HTTP/1.1" 200 41
DEBUG:urllib3.connectionpool:https://o996770.ingest.sentry.io:443 "POST /api/5955273/envelope/ HTTP/1.1" 200 41
DEBUG:urllib3.connectionpool:https://o996770.ingest.sentry.io:443 "POST /api/5955273/envelope/ HTTP/1.1" 200 41
DEBUG:urllib3.connectionpool:https://o996770.ingest.sentry.io:443 "POST /api/5955273/envelope/ HTTP/1.1" 200 41
DEBUG:urllib3.connectionpool:https://o996770.ingest.sentry.io:443 "POST /api/5955273/envelope/ HTTP/1.1" 200 2
DEBUG:urllib3.connectionpool:https://o996770.ingest.sentry.io:443 "POST /api/5955273/envelope/ HTTP/1.1" 200 41
DEBUG:urllib3.connectionpool:https://o996770.ingest.sentry.io:443 "POST /api/5955273/envelope/ HTTP/1.1" 200 41
DEBUG:urllib3.connectionpool:https://o996770.ingest.sentry.io:443 "POST /api/5955273/envelope/ HTTP/1.1" 200 41
DEBUG:urllib3.connectionpool:https://o996770.ingest.sentry.io:443 "POST /api/5955273/envelope/ HTTP/1.1" 200 2
DEBUG:urllib3.connectionpool:https://o996770.ingest.sentry.io:443 "POST /api/5955273/envelope/ HTTP/1.1" 200 41
DEBUG:urllib3.connectionpool:https://o996770.ingest.sentry.io:443 "POST /api/5955273/envelope/ HTTP/1.1" 200 41
DEBUG:urllib3.connectionpool:https://o996770.ingest.sentry.io:443 "POST /api/5955273/envelope/ HTTP/1.1" 200 41
DEBUG:urllib3.connectionpool:https://o996770.ingest.sentry.io:443 "POST /api/5955273/envelope/ HTTP/1.1" 200 41
DEBUG:urllib3.connectionpool:https://o996770.ingest.sentry.io:443 "POST /api/5955273/envelope/ HTTP/1.1" 200 41
DEBUG:urllib3.connectionpool:https://o996770.ingest.sentry.io:443 "POST /api/5955273/envelope/ HTTP/1.1" 200 41
DEBUG:urllib3.connectionpool:https://o996770.ingest.sentry.io:443 "POST /api/5955273/envelope/ HTTP/1.1" 200 41
DEBUG:urllib3.connectionpool:https://o996770.ingest.sentry.io:443 "POST /api/5955273/envelope/ HTTP/1.1" 200 2
INFO:django.utils.autoreload:Watching for file changes with StatReloader
DEBUG:urllib3.connectionpool:Starting new HTTPS connection (1): o996770.ingest.sentry.io:443
DEBUG:urllib3.connectionpool:https://o996770.ingest.sentry.io:443 "POST /api/5955273/envelope/ HTTP/1.1" 200 41
DEBUG:urllib3.connectionpool:https://o996770.ingest.sentry.io:443 "POST /api/5955273/envelope/ HTTP/1.1" 200 41
DEBUG:urllib3.connectionpool:https://o996770.ingest.sentry.io:443 "POST /api/5955273/envelope/ HTTP/1.1" 200 41
DEBUG:urllib3.connectionpool:https://o996770.ingest.sentry.io:443 "POST /api/5955273/envelope/ HTTP/1.1" 200 41
DEBUG:urllib3.connectionpool:https://o996770.ingest.sentry.io:443 "POST /api/5955273/envelope/ HTTP/1.1" 200 41
DEBUG:urllib3.connectionpool:https://o996770.ingest.sentry.io:443 "POST /api/5955273/envelope/ HTTP/1.1" 200 41
DEBUG:urllib3.connectionpool:https://o996770.ingest.sentry.io:443 "POST /api/5955273/envelope/ HTTP/1.1" 200 41
DEBUG:urllib3.connectionpool:https://o996770.ingest.sentry.io:443 "POST /api/5955273/envelope/ HTTP/1.1" 200 41
DEBUG:urllib3.connectionpool:https://o996770.ingest.sentry.io:443 "POST /api/5955273/envelope/ HTTP/1.1" 200 41
DEBUG:urllib3.connectionpool:https://o996770.ingest.sentry.io:443 "POST /api/5955273/envelope/ HTTP/1.1" 200 41
DEBUG:urllib3.connectionpool:https://o996770.ingest.sentry.io:443 "POST /api/5955273/envelope/ HTTP/1.1" 200 41
DEBUG:urllib3.connectionpool:https://o996770.ingest.sentry.io:443 "POST /api/5955273/envelope/ HTTP/1.1" 200 41
DEBUG:urllib3.connectionpool:https://o996770.ingest.sentry.io:443 "POST /api/5955273/envelope/ HTTP/1.1" 200 41
DEBUG:urllib3.connectionpool:https://o996770.ingest.sentry.io:443 "POST /api/5955273/envelope/ HTTP/1.1" 200 41
DEBUG:urllib3.connectionpool:https://o996770.ingest.sentry.io:443 "POST /api/5955273/envelope/ HTTP/1.1" 200 2
DEBUG:urllib3.connectionpool:Resetting dropped connection: o996770.ingest.sentry.io
DEBUG:urllib3.connectionpool:https://o996770.ingest.sentry.io:443 "POST /api/5955273/envelope/ HTTP/1.1" 200 41
INFO:root:Symlinked the 'missing image' image at C:\Users\Basti\OneDrive\Documents\My Websites\Handmade Sites\Backend-Projects\Alternate-CMS\env\lib\site-packages\oscar\static\oscar\img\image_not_found.jpg into your MEDIA_ROOT at C:\Users\Basti\OneDrive\Documents\My Websites\Handmade Sites\Backend-Projects\Alternate-CMS\media
DEBUG:sorl.thumbnail.base:Getting thumbnail for file [image_not_found.jpg] at [x155]
DEBUG:sorl.thumbnail.base:Creating thumbnail file [cache/ee/d6/eed6bcfd8732ca981f2d25a20233226c.jpg] at [x155] with [{'upscale': False, 'format': 'JPEG', 'quality': 95, 'colorspace': 'RGB', 'crop': False, 'cropbox': None, 'rounded': None, 'padding': False, 'padding_color': '#ffffff', 'image_info': {'jfif': 257, 'jfif_version': (1, 1), 'dpi': (72, 72), 'jfif_unit': 1, 'jfif_density': (72, 72)}}]
DEBUG:urllib3.connectionpool:https://o996770.ingest.sentry.io:443 "POST /api/5955273/envelope/ HTTP/1.1" 200 41
DEBUG:urllib3.connectionpool:https://o996770.ingest.sentry.io:443 "POST /api/5955273/envelope/ HTTP/1.1" 200 41
DEBUG:urllib3.connectionpool:https://o996770.ingest.sentry.io:443 "POST /api/5955273/envelope/ HTTP/1.1" 200 41
DEBUG:urllib3.connectionpool:https://o996770.ingest.sentry.io:443 "POST /api/5955273/envelope/ HTTP/1.1" 200 41
DEBUG:urllib3.connectionpool:https://o996770.ingest.sentry.io:443 "POST /api/5955273/envelope/ HTTP/1.1" 200 41
DEBUG:urllib3.connectionpool:https://o996770.ingest.sentry.io:443 "POST /api/5955273/envelope/ HTTP/1.1" 200 41
DEBUG:urllib3.connectionpool:https://o996770.ingest.sentry.io:443 "POST /api/5955273/envelope/ HTTP/1.1" 200 2
INFO:django.utils.autoreload:C:\Users\Basti\OneDrive\Documents\My Websites\Handmade Sites\Backend-Projects\Alternate-CMS\shop\settings.py changed, reloading.
INFO:django.utils.autoreload:Watching for file changes with StatReloader
DEBUG:urllib3.connectionpool:Starting new HTTPS connection (1): o996770.ingest.sentry.io:443
DEBUG:urllib3.connectionpool:https://o996770.ingest.sentry.io:443 "POST /api/5955273/envelope/ HTTP/1.1" 200 41
DEBUG:sorl.thumbnail.base:Getting thumbnail for file [image_not_found.jpg] at [x155]
DEBUG:urllib3.connectionpool:https://o996770.ingest.sentry.io:443 "POST /api/5955273/envelope/ HTTP/1.1" 200 41
DEBUG:urllib3.connectionpool:https://o996770.ingest.sentry.io:443 "POST /api/5955273/envelope/ HTTP/1.1" 200 41
DEBUG:urllib3.connectionpool:https://o996770.ingest.sentry.io:443 "POST /api/5955273/envelope/ HTTP/1.1" 200 41
DEBUG:urllib3.connectionpool:https://o996770.ingest.sentry.io:443 "POST /api/5955273/envelope/ HTTP/1.1" 200 41
DEBUG:urllib3.connectionpool:https://o996770.ingest.sentry.io:443 "POST /api/5955273/envelope/ HTTP/1.1" 200 41
DEBUG:urllib3.connectionpool:https://o996770.ingest.sentry.io:443 "POST /api/5955273/envelope/ HTTP/1.1" 200 41
DEBUG:urllib3.connectionpool:https://o996770.ingest.sentry.io:443 "POST /api/5955273/envelope/ HTTP/1.1" 200 41
DEBUG:urllib3.connectionpool:https://o996770.ingest.sentry.io:443 "POST /api/5955273/envelope/ HTTP/1.1" 200 41
DEBUG:urllib3.connectionpool:https://o996770.ingest.sentry.io:443 "POST /api/5955273/envelope/ HTTP/1.1" 200 41
DEBUG:urllib3.connectionpool:https://o996770.ingest.sentry.io:443 "POST /api/5955273/envelope/ HTTP/1.1" 200 41
DEBUG:urllib3.connectionpool:https://o996770.ingest.sentry.io:443 "POST /api/5955273/envelope/ HTTP/1.1" 200 41
DEBUG:urllib3.connectionpool:https://o996770.ingest.sentry.io:443 "POST /api/5955273/envelope/ HTTP/1.1" 200 41
DEBUG:urllib3.connectionpool:https://o996770.ingest.sentry.io:443 "POST /api/5955273/envelope/ HTTP/1.1" 200 41
DEBUG:urllib3.connectionpool:https://o996770.ingest.sentry.io:443 "POST /api/5955273/envelope/ HTTP/1.1" 200 41
DEBUG:urllib3.connectionpool:https://o996770.ingest.sentry.io:443 "POST /api/5955273/envelope/ HTTP/1.1" 200 41
DEBUG:urllib3.connectionpool:https://o996770.ingest.sentry.io:443 "POST /api/5955273/envelope/ HTTP/1.1" 200 41
DEBUG:urllib3.connectionpool:https://o996770.ingest.sentry.io:443 "POST /api/5955273/envelope/ HTTP/1.1" 200 41
DEBUG:urllib3.connectionpool:https://o996770.ingest.sentry.io:443 "POST /api/5955273/envelope/ HTTP/1.1" 200 41
DEBUG:urllib3.connectionpool:https://o996770.ingest.sentry.io:443 "POST /api/5955273/envelope/ HTTP/1.1" 200 41
DEBUG:urllib3.connectionpool:https://o996770.ingest.sentry.io:443 "POST /api/5955273/envelope/ HTTP/1.1" 200 41
DEBUG:urllib3.connectionpool:https://o996770.ingest.sentry.io:443 "POST /api/5955273/envelope/ HTTP/1.1" 200 41
DEBUG:urllib3.connectionpool:https://o996770.ingest.sentry.io:443 "POST /api/5955273/envelope/ HTTP/1.1" 200 41
DEBUG:urllib3.connectionpool:https://o996770.ingest.sentry.io:443 "POST /api/5955273/envelope/ HTTP/1.1" 200 41
DEBUG:urllib3.connectionpool:https://o996770.ingest.sentry.io:443 "POST /api/5955273/envelope/ HTTP/1.1" 200 41
DEBUG:urllib3.connectionpool:https://o996770.ingest.sentry.io:443 "POST /api/5955273/envelope/ HTTP/1.1" 200 41
DEBUG:urllib3.connectionpool:https://o996770.ingest.sentry.io:443 "POST /api/5955273/envelope/ HTTP/1.1" 200 41
DEBUG:urllib3.connectionpool:https://o996770.ingest.sentry.io:443 "POST /api/5955273/envelope/ HTTP/1.1" 200 41
DEBUG:urllib3.connectionpool:https://o996770.ingest.sentry.io:443 "POST /api/5955273/envelope/ HTTP/1.1" 200 41
DEBUG:urllib3.connectionpool:https://o996770.ingest.sentry.io:443 "POST /api/5955273/envelope/ HTTP/1.1" 200 41
DEBUG:urllib3.connectionpool:https://o996770.ingest.sentry.io:443 "POST /api/5955273/envelope/ HTTP/1.1" 200 41
DEBUG:urllib3.connectionpool:https://o996770.ingest.sentry.io:443 "POST /api/5955273/envelope/ HTTP/1.1" 200 41
DEBUG:urllib3.connectionpool:https://o996770.ingest.sentry.io:443 "POST /api/5955273/envelope/ HTTP/1.1" 200 41
DEBUG:urllib3.connectionpool:https://o996770.ingest.sentry.io:443 "POST /api/5955273/envelope/ HTTP/1.1" 200 41
DEBUG:urllib3.connectionpool:https://o996770.ingest.sentry.io:443 "POST /api/5955273/envelope/ HTTP/1.1" 200 41
DEBUG:urllib3.connectionpool:https://o996770.ingest.sentry.io:443 "POST /api/5955273/envelope/ HTTP/1.1" 200 41
DEBUG:urllib3.connectionpool:https://o996770.ingest.sentry.io:443 "POST /api/5955273/envelope/ HTTP/1.1" 200 41
DEBUG:urllib3.connectionpool:https://o996770.ingest.sentry.io:443 "POST /api/5955273/envelope/ HTTP/1.1" 200 41
WARNING:django.request:Not Found: /en/favicon.ico/
DEBUG:urllib3.connectionpool:https://o996770.ingest.sentry.io:443 "POST /api/5955273/envelope/ HTTP/1.1" 200 41
DEBUG:urllib3.connectionpool:https://o996770.ingest.sentry.io:443 "POST /api/5955273/envelope/ HTTP/1.1" 200 2
DEBUG:urllib3.connectionpool:https://o996770.ingest.sentry.io:443 "POST /api/5955273/envelope/ HTTP/1.1" 200 41
DEBUG:urllib3.connectionpool:https://o996770.ingest.sentry.io:443 "POST /api/5955273/envelope/ HTTP/1.1" 200 41
DEBUG:urllib3.connectionpool:https://o996770.ingest.sentry.io:443 "POST /api/5955273/envelope/ HTTP/1.1" 200 41
DEBUG:urllib3.connectionpool:https://o996770.ingest.sentry.io:443 "POST /api/5955273/envelope/ HTTP/1.1" 200 41
DEBUG:urllib3.connectionpool:https://o996770.ingest.sentry.io:443 "POST /api/5955273/envelope/ HTTP/1.1" 200 41
DEBUG:urllib3.connectionpool:https://o996770.ingest.sentry.io:443 "POST /api/5955273/envelope/ HTTP/1.1" 200 41
DEBUG:urllib3.connectionpool:https://o996770.ingest.sentry.io:443 "POST /api/5955273/envelope/ HTTP/1.1" 200 41
DEBUG:urllib3.connectionpool:https://o996770.ingest.sentry.io:443 "POST /api/5955273/envelope/ HTTP/1.1" 200 41
DEBUG:urllib3.connectionpool:https://o996770.ingest.sentry.io:443 "POST /api/5955273/envelope/ HTTP/1.1" 200 41
DEBUG:urllib3.connectionpool:https://o996770.ingest.sentry.io:443 "POST /api/5955273/envelope/ HTTP/1.1" 200 41
DEBUG:urllib3.connectionpool:https://o996770.ingest.sentry.io:443 "POST /api/5955273/envelope/ HTTP/1.1" 200 41
DEBUG:urllib3.connectionpool:https://o996770.ingest.sentry.io:443 "POST /api/5955273/envelope/ HTTP/1.1" 200 41
DEBUG:urllib3.connectionpool:https://o996770.ingest.sentry.io:443 "POST /api/5955273/envelope/ HTTP/1.1" 200 41
DEBUG:urllib3.connectionpool:https://o996770.ingest.sentry.io:443 "POST /api/5955273/envelope/ HTTP/1.1" 200 41
DEBUG:urllib3.connectionpool:https://o996770.ingest.sentry.io:443 "POST /api/5955273/envelope/ HTTP/1.1" 200 41
DEBUG:urllib3.connectionpool:https://o996770.ingest.sentry.io:443 "POST /api/5955273/envelope/ HTTP/1.1" 200 41
DEBUG:urllib3.connectionpool:https://o996770.ingest.sentry.io:443 "POST /api/5955273/envelope/ HTTP/1.1" 200 41
DEBUG:urllib3.connectionpool:https://o996770.ingest.sentry.io:443 "POST /api/5955273/envelope/ HTTP/1.1" 200 41
DEBUG:urllib3.connectionpool:https://o996770.ingest.sentry.io:443 "POST /api/5955273/envelope/ HTTP/1.1" 200 41
DEBUG:urllib3.connectionpool:https://o996770.ingest.sentry.io:443 "POST /api/5955273/envelope/ HTTP/1.1" 200 41
DEBUG:urllib3.connectionpool:https://o996770.ingest.sentry.io:443 "POST /api/5955273/envelope/ HTTP/1.1" 200 41
DEBUG:urllib3.connectionpool:https://o996770.ingest.sentry.io:443 "POST /api/5955273/envelope/ HTTP/1.1" 200 41
DEBUG:urllib3.connectionpool:https://o996770.ingest.sentry.io:443 "POST /api/5955273/envelope/ HTTP/1.1" 200 41
DEBUG:urllib3.connectionpool:https://o996770.ingest.sentry.io:443 "POST /api/5955273/envelope/ HTTP/1.1" 200 41
DEBUG:urllib3.connectionpool:https://o996770.ingest.sentry.io:443 "POST /api/5955273/envelope/ HTTP/1.1" 200 41
DEBUG:urllib3.connectionpool:https://o996770.ingest.sentry.io:443 "POST /api/5955273/envelope/ HTTP/1.1" 200 41
DEBUG:urllib3.connectionpool:https://o996770.ingest.sentry.io:443 "POST /api/5955273/envelope/ HTTP/1.1" 200 41
DEBUG:urllib3.connectionpool:https://o996770.ingest.sentry.io:443 "POST /api/5955273/envelope/ HTTP/1.1" 200 41
DEBUG:urllib3.connectionpool:https://o996770.ingest.sentry.io:443 "POST /api/5955273/envelope/ HTTP/1.1" 200 41
DEBUG:urllib3.connectionpool:https://o996770.ingest.sentry.io:443 "POST /api/5955273/envelope/ HTTP/1.1" 200 41
DEBUG:urllib3.connectionpool:https://o996770.ingest.sentry.io:443 "POST /api/5955273/envelope/ HTTP/1.1" 200 41
DEBUG:urllib3.connectionpool:https://o996770.ingest.sentry.io:443 "POST /api/5955273/envelope/ HTTP/1.1" 200 41
DEBUG:urllib3.connectionpool:https://o996770.ingest.sentry.io:443 "POST /api/5955273/envelope/ HTTP/1.1" 200 41
DEBUG:urllib3.connectionpool:https://o996770.ingest.sentry.io:443 "POST /api/5955273/envelope/ HTTP/1.1" 200 41
DEBUG:urllib3.connectionpool:https://o996770.ingest.sentry.io:443 "POST /api/5955273/envelope/ HTTP/1.1" 200 41
DEBUG:urllib3.connectionpool:https://o996770.ingest.sentry.io:443 "POST /api/5955273/envelope/ HTTP/1.1" 200 41
DEBUG:urllib3.connectionpool:https://o996770.ingest.sentry.io:443 "POST /api/5955273/envelope/ HTTP/1.1" 200 41
DEBUG:urllib3.connectionpool:https://o996770.ingest.sentry.io:443 "POST /api/5955273/envelope/ HTTP/1.1" 200 41
DEBUG:urllib3.connectionpool:https://o996770.ingest.sentry.io:443 "POST /api/5955273/envelope/ HTTP/1.1" 200 41
DEBUG:urllib3.connectionpool:https://o996770.ingest.sentry.io:443 "POST /api/5955273/envelope/ HTTP/1.1" 200 41
DEBUG:urllib3.connectionpool:https://o996770.ingest.sentry.io:443 "POST /api/5955273/envelope/ HTTP/1.1" 200 41
DEBUG:urllib3.connectionpool:https://o996770.ingest.sentry.io:443 "POST /api/5955273/envelope/ HTTP/1.1" 200 41
DEBUG:urllib3.connectionpool:https://o996770.ingest.sentry.io:443 "POST /api/5955273/envelope/ HTTP/1.1" 200 41
DEBUG:urllib3.connectionpool:https://o996770.ingest.sentry.io:443 "POST /api/5955273/envelope/ HTTP/1.1" 200 41
DEBUG:urllib3.connectionpool:https://o996770.ingest.sentry.io:443 "POST /api/5955273/envelope/ HTTP/1.1" 200 41
DEBUG:urllib3.connectionpool:https://o996770.ingest.sentry.io:443 "POST /api/5955273/envelope/ HTTP/1.1" 200 2
INFO:django.utils.autoreload:Watching for file changes with StatReloader
DEBUG:urllib3.connectionpool:Starting new HTTPS connection (1): o996770.ingest.sentry.io:443
DEBUG:urllib3.connectionpool:https://o996770.ingest.sentry.io:443 "POST /api/5955273/envelope/ HTTP/1.1" 200 41
DEBUG:sorl.thumbnail.base:Getting thumbnail for file [image_not_found.jpg] at [x155]
DEBUG:urllib3.connectionpool:https://o996770.ingest.sentry.io:443 "POST /api/5955273/envelope/ HTTP/1.1" 200 41
DEBUG:urllib3.connectionpool:https://o996770.ingest.sentry.io:443 "POST /api/5955273/envelope/ HTTP/1.1" 200 41
DEBUG:urllib3.connectionpool:https://o996770.ingest.sentry.io:443 "POST /api/5955273/envelope/ HTTP/1.1" 200 41
DEBUG:urllib3.connectionpool:https://o996770.ingest.sentry.io:443 "POST /api/5955273/envelope/ HTTP/1.1" 200 41
DEBUG:urllib3.connectionpool:https://o996770.ingest.sentry.io:443 "POST /api/5955273/envelope/ HTTP/1.1" 200 41
DEBUG:urllib3.connectionpool:https://o996770.ingest.sentry.io:443 "POST /api/5955273/envelope/ HTTP/1.1" 200 41
DEBUG:urllib3.connectionpool:https://o996770.ingest.sentry.io:443 "POST /api/5955273/envelope/ HTTP/1.1" 200 41
DEBUG:urllib3.connectionpool:https://o996770.ingest.sentry.io:443 "POST /api/5955273/envelope/ HTTP/1.1" 200 41
DEBUG:urllib3.connectionpool:https://o996770.ingest.sentry.io:443 "POST /api/5955273/envelope/ HTTP/1.1" 200 41
DEBUG:urllib3.connectionpool:https://o996770.ingest.sentry.io:443 "POST /api/5955273/envelope/ HTTP/1.1" 200 41
DEBUG:urllib3.connectionpool:https://o996770.ingest.sentry.io:443 "POST /api/5955273/envelope/ HTTP/1.1" 200 41
DEBUG:urllib3.connectionpool:https://o996770.ingest.sentry.io:443 "POST /api/5955273/envelope/ HTTP/1.1" 200 41
DEBUG:urllib3.connectionpool:https://o996770.ingest.sentry.io:443 "POST /api/5955273/envelope/ HTTP/1.1" 200 41
DEBUG:urllib3.connectionpool:https://o996770.ingest.sentry.io:443 "POST /api/5955273/envelope/ HTTP/1.1" 200 41
DEBUG:urllib3.connectionpool:https://o996770.ingest.sentry.io:443 "POST /api/5955273/envelope/ HTTP/1.1" 200 41
DEBUG:urllib3.connectionpool:https://o996770.ingest.sentry.io:443 "POST /api/5955273/envelope/ HTTP/1.1" 200 41
DEBUG:urllib3.connectionpool:https://o996770.ingest.sentry.io:443 "POST /api/5955273/envelope/ HTTP/1.1" 200 41
DEBUG:urllib3.connectionpool:https://o996770.ingest.sentry.io:443 "POST /api/5955273/envelope/ HTTP/1.1" 200 41
DEBUG:urllib3.connectionpool:https://o996770.ingest.sentry.io:443 "POST /api/5955273/envelope/ HTTP/1.1" 200 41
DEBUG:urllib3.connectionpool:https://o996770.ingest.sentry.io:443 "POST /api/5955273/envelope/ HTTP/1.1" 200 41
DEBUG:urllib3.connectionpool:https://o996770.ingest.sentry.io:443 "POST /api/5955273/envelope/ HTTP/1.1" 200 41
DEBUG:urllib3.connectionpool:https://o996770.ingest.sentry.io:443 "POST /api/5955273/envelope/ HTTP/1.1" 200 41
DEBUG:urllib3.connectionpool:https://o996770.ingest.sentry.io:443 "POST /api/5955273/envelope/ HTTP/1.1" 200 41
DEBUG:urllib3.connectionpool:https://o996770.ingest.sentry.io:443 "POST /api/5955273/envelope/ HTTP/1.1" 200 41
DEBUG:urllib3.connectionpool:https://o996770.ingest.sentry.io:443 "POST /api/5955273/envelope/ HTTP/1.1" 200 41
DEBUG:urllib3.connectionpool:https://o996770.ingest.sentry.io:443 "POST /api/5955273/envelope/ HTTP/1.1" 200 41
DEBUG:urllib3.connectionpool:https://o996770.ingest.sentry.io:443 "POST /api/5955273/envelope/ HTTP/1.1" 200 41
DEBUG:urllib3.connectionpool:https://o996770.ingest.sentry.io:443 "POST /api/5955273/envelope/ HTTP/1.1" 200 41
DEBUG:urllib3.connectionpool:https://o996770.ingest.sentry.io:443 "POST /api/5955273/envelope/ HTTP/1.1" 200 41
DEBUG:urllib3.connectionpool:https://o996770.ingest.sentry.io:443 "POST /api/5955273/envelope/ HTTP/1.1" 200 41
DEBUG:urllib3.connectionpool:https://o996770.ingest.sentry.io:443 "POST /api/5955273/envelope/ HTTP/1.1" 200 41
DEBUG:urllib3.connectionpool:https://o996770.ingest.sentry.io:443 "POST /api/5955273/envelope/ HTTP/1.1" 200 41
WARNING:django.request:Not Found: /en/favicon.ico/
DEBUG:urllib3.connectionpool:https://o996770.ingest.sentry.io:443 "POST /api/5955273/envelope/ HTTP/1.1" 200 41
DEBUG:urllib3.connectionpool:https://o996770.ingest.sentry.io:443 "POST /api/5955273/envelope/ HTTP/1.1" 200 2
INFO:django.utils.autoreload:Watching for file changes with StatReloader
DEBUG:urllib3.connectionpool:Starting new HTTPS connection (1): o996770.ingest.sentry.io:443
DEBUG:sorl.thumbnail.base:Getting thumbnail for file [image_not_found.jpg] at [x155]
DEBUG:urllib3.connectionpool:https://o996770.ingest.sentry.io:443 "POST /api/5955273/envelope/ HTTP/1.1" 200 41
DEBUG:urllib3.connectionpool:https://o996770.ingest.sentry.io:443 "POST /api/5955273/envelope/ HTTP/1.1" 200 41
DEBUG:urllib3.connectionpool:https://o996770.ingest.sentry.io:443 "POST /api/5955273/envelope/ HTTP/1.1" 200 41
DEBUG:urllib3.connectionpool:https://o996770.ingest.sentry.io:443 "POST /api/5955273/envelope/ HTTP/1.1" 200 41
DEBUG:urllib3.connectionpool:https://o996770.ingest.sentry.io:443 "POST /api/5955273/envelope/ HTTP/1.1" 200 41
DEBUG:urllib3.connectionpool:https://o996770.ingest.sentry.io:443 "POST /api/5955273/envelope/ HTTP/1.1" 200 41
DEBUG:urllib3.connectionpool:https://o996770.ingest.sentry.io:443 "POST /api/5955273/envelope/ HTTP/1.1" 200 41
DEBUG:urllib3.connectionpool:https://o996770.ingest.sentry.io:443 "POST /api/5955273/envelope/ HTTP/1.1" 200 41
DEBUG:urllib3.connectionpool:https://o996770.ingest.sentry.io:443 "POST /api/5955273/envelope/ HTTP/1.1" 200 41
DEBUG:urllib3.connectionpool:https://o996770.ingest.sentry.io:443 "POST /api/5955273/envelope/ HTTP/1.1" 200 41
DEBUG:urllib3.connectionpool:https://o996770.ingest.sentry.io:443 "POST /api/5955273/envelope/ HTTP/1.1" 200 41
DEBUG:urllib3.connectionpool:https://o996770.ingest.sentry.io:443 "POST /api/5955273/envelope/ HTTP/1.1" 200 41
DEBUG:urllib3.connectionpool:https://o996770.ingest.sentry.io:443 "POST /api/5955273/envelope/ HTTP/1.1" 200 41
DEBUG:urllib3.connectionpool:https://o996770.ingest.sentry.io:443 "POST /api/5955273/envelope/ HTTP/1.1" 200 41
DEBUG:urllib3.connectionpool:https://o996770.ingest.sentry.io:443 "POST /api/5955273/envelope/ HTTP/1.1" 200 41
DEBUG:urllib3.connectionpool:https://o996770.ingest.sentry.io:443 "POST /api/5955273/envelope/ HTTP/1.1" 200 41
DEBUG:urllib3.connectionpool:https://o996770.ingest.sentry.io:443 "POST /api/5955273/envelope/ HTTP/1.1" 200 41
DEBUG:urllib3.connectionpool:https://o996770.ingest.sentry.io:443 "POST /api/5955273/envelope/ HTTP/1.1" 200 41
DEBUG:urllib3.connectionpool:https://o996770.ingest.sentry.io:443 "POST /api/5955273/envelope/ HTTP/1.1" 200 41
DEBUG:urllib3.connectionpool:https://o996770.ingest.sentry.io:443 "POST /api/5955273/envelope/ HTTP/1.1" 200 41
DEBUG:urllib3.connectionpool:https://o996770.ingest.sentry.io:443 "POST /api/5955273/envelope/ HTTP/1.1" 200 41
DEBUG:urllib3.connectionpool:https://o996770.ingest.sentry.io:443 "POST /api/5955273/envelope/ HTTP/1.1" 200 41
DEBUG:urllib3.connectionpool:https://o996770.ingest.sentry.io:443 "POST /api/5955273/envelope/ HTTP/1.1" 200 41
DEBUG:urllib3.connectionpool:https://o996770.ingest.sentry.io:443 "POST /api/5955273/envelope/ HTTP/1.1" 200 41
DEBUG:urllib3.connectionpool:https://o996770.ingest.sentry.io:443 "POST /api/5955273/envelope/ HTTP/1.1" 200 2
DEBUG:urllib3.connectionpool:Resetting dropped connection: o996770.ingest.sentry.io
WARNING:django.request:Not Found: /en/graphql/
DEBUG:urllib3.connectionpool:https://o996770.ingest.sentry.io:443 "POST /api/5955273/envelope/ HTTP/1.1" 200 41
DEBUG:urllib3.connectionpool:https://o996770.ingest.sentry.io:443 "POST /api/5955273/envelope/ HTTP/1.1" 200 41
DEBUG:urllib3.connectionpool:https://o996770.ingest.sentry.io:443 "POST /api/5955273/envelope/ HTTP/1.1" 200 41
DEBUG:urllib3.connectionpool:https://o996770.ingest.sentry.io:443 "POST /api/5955273/envelope/ HTTP/1.1" 200 41
WARNING:django.request:Not Found: /en/favicon.ico/
DEBUG:urllib3.connectionpool:https://o996770.ingest.sentry.io:443 "POST /api/5955273/envelope/ HTTP/1.1" 200 41
DEBUG:urllib3.connectionpool:https://o996770.ingest.sentry.io:443 "POST /api/5955273/envelope/ HTTP/1.1" 200 41
DEBUG:urllib3.connectionpool:https://o996770.ingest.sentry.io:443 "POST /api/5955273/envelope/ HTTP/1.1" 200 41
DEBUG:urllib3.connectionpool:https://o996770.ingest.sentry.io:443 "POST /api/5955273/envelope/ HTTP/1.1" 200 41
DEBUG:urllib3.connectionpool:https://o996770.ingest.sentry.io:443 "POST /api/5955273/envelope/ HTTP/1.1" 200 2
DEBUG:urllib3.connectionpool:https://o996770.ingest.sentry.io:443 "POST /api/5955273/envelope/ HTTP/1.1" 200 41
DEBUG:urllib3.connectionpool:https://o996770.ingest.sentry.io:443 "POST /api/5955273/envelope/ HTTP/1.1" 200 41
DEBUG:urllib3.connectionpool:https://o996770.ingest.sentry.io:443 "POST /api/5955273/envelope/ HTTP/1.1" 200 41
DEBUG:urllib3.connectionpool:https://o996770.ingest.sentry.io:443 "POST /api/5955273/envelope/ HTTP/1.1" 200 41
DEBUG:urllib3.connectionpool:https://o996770.ingest.sentry.io:443 "POST /api/5955273/envelope/ HTTP/1.1" 200 41
DEBUG:urllib3.connectionpool:https://o996770.ingest.sentry.io:443 "POST /api/5955273/envelope/ HTTP/1.1" 200 41
DEBUG:urllib3.connectionpool:https://o996770.ingest.sentry.io:443 "POST /api/5955273/envelope/ HTTP/1.1" 200 41
DEBUG:urllib3.connectionpool:https://o996770.ingest.sentry.io:443 "POST /api/5955273/envelope/ HTTP/1.1" 200 41
DEBUG:urllib3.connectionpool:https://o996770.ingest.sentry.io:443 "POST /api/5955273/envelope/ HTTP/1.1" 200 41
DEBUG:urllib3.connectionpool:https://o996770.ingest.sentry.io:443 "POST /api/5955273/envelope/ HTTP/1.1" 200 41
DEBUG:urllib3.connectionpool:https://o996770.ingest.sentry.io:443 "POST /api/5955273/envelope/ HTTP/1.1" 200 41
DEBUG:urllib3.connectionpool:https://o996770.ingest.sentry.io:443 "POST /api/5955273/envelope/ HTTP/1.1" 200 41
DEBUG:urllib3.connectionpool:https://o996770.ingest.sentry.io:443 "POST /api/5955273/envelope/ HTTP/1.1" 200 41
DEBUG:urllib3.connectionpool:https://o996770.ingest.sentry.io:443 "POST /api/5955273/envelope/ HTTP/1.1" 200 41
DEBUG:urllib3.connectionpool:https://o996770.ingest.sentry.io:443 "POST /api/5955273/envelope/ HTTP/1.1" 200 41
DEBUG:urllib3.connectionpool:https://o996770.ingest.sentry.io:443 "POST /api/5955273/envelope/ HTTP/1.1" 200 41
DEBUG:urllib3.connectionpool:https://o996770.ingest.sentry.io:443 "POST /api/5955273/envelope/ HTTP/1.1" 200 41
DEBUG:urllib3.connectionpool:https://o996770.ingest.sentry.io:443 "POST /api/5955273/envelope/ HTTP/1.1" 200 41
DEBUG:urllib3.connectionpool:https://o996770.ingest.sentry.io:443 "POST /api/5955273/envelope/ HTTP/1.1" 200 41
DEBUG:urllib3.connectionpool:https://o996770.ingest.sentry.io:443 "POST /api/5955273/envelope/ HTTP/1.1" 200 41
DEBUG:urllib3.connectionpool:https://o996770.ingest.sentry.io:443 "POST /api/5955273/envelope/ HTTP/1.1" 200 41
DEBUG:urllib3.connectionpool:https://o996770.ingest.sentry.io:443 "POST /api/5955273/envelope/ HTTP/1.1" 200 41
DEBUG:urllib3.connectionpool:https://o996770.ingest.sentry.io:443 "POST /api/5955273/envelope/ HTTP/1.1" 200 41
DEBUG:urllib3.connectionpool:https://o996770.ingest.sentry.io:443 "POST /api/5955273/envelope/ HTTP/1.1" 200 41
DEBUG:urllib3.connectionpool:https://o996770.ingest.sentry.io:443 "POST /api/5955273/envelope/ HTTP/1.1" 200 41
DEBUG:urllib3.connectionpool:https://o996770.ingest.sentry.io:443 "POST /api/5955273/envelope/ HTTP/1.1" 200 41
DEBUG:urllib3.connectionpool:https://o996770.ingest.sentry.io:443 "POST /api/5955273/envelope/ HTTP/1.1" 200 41
DEBUG:urllib3.connectionpool:https://o996770.ingest.sentry.io:443 "POST /api/5955273/envelope/ HTTP/1.1" 200 41
DEBUG:urllib3.connectionpool:https://o996770.ingest.sentry.io:443 "POST /api/5955273/envelope/ HTTP/1.1" 200 41
DEBUG:urllib3.connectionpool:https://o996770.ingest.sentry.io:443 "POST /api/5955273/envelope/ HTTP/1.1" 200 41
DEBUG:urllib3.connectionpool:https://o996770.ingest.sentry.io:443 "POST /api/5955273/envelope/ HTTP/1.1" 200 41
DEBUG:urllib3.connectionpool:https://o996770.ingest.sentry.io:443 "POST /api/5955273/envelope/ HTTP/1.1" 200 41
DEBUG:urllib3.connectionpool:https://o996770.ingest.sentry.io:443 "POST /api/5955273/envelope/ HTTP/1.1" 200 41
DEBUG:urllib3.connectionpool:https://o996770.ingest.sentry.io:443 "POST /api/5955273/envelope/ HTTP/1.1" 200 41
DEBUG:urllib3.connectionpool:https://o996770.ingest.sentry.io:443 "POST /api/5955273/envelope/ HTTP/1.1" 200 41
DEBUG:urllib3.connectionpool:https://o996770.ingest.sentry.io:443 "POST /api/5955273/envelope/ HTTP/1.1" 200 41
DEBUG:urllib3.connectionpool:https://o996770.ingest.sentry.io:443 "POST /api/5955273/envelope/ HTTP/1.1" 200 41
DEBUG:urllib3.connectionpool:https://o996770.ingest.sentry.io:443 "POST /api/5955273/envelope/ HTTP/1.1" 200 41
DEBUG:urllib3.connectionpool:https://o996770.ingest.sentry.io:443 "POST /api/5955273/envelope/ HTTP/1.1" 200 41
DEBUG:urllib3.connectionpool:https://o996770.ingest.sentry.io:443 "POST /api/5955273/envelope/ HTTP/1.1" 200 41
DEBUG:urllib3.connectionpool:https://o996770.ingest.sentry.io:443 "POST /api/5955273/envelope/ HTTP/1.1" 200 41
DEBUG:urllib3.connectionpool:https://o996770.ingest.sentry.io:443 "POST /api/5955273/envelope/ HTTP/1.1" 200 41
DEBUG:urllib3.connectionpool:https://o996770.ingest.sentry.io:443 "POST /api/5955273/envelope/ HTTP/1.1" 200 41
DEBUG:urllib3.connectionpool:https://o996770.ingest.sentry.io:443 "POST /api/5955273/envelope/ HTTP/1.1" 200 41
DEBUG:urllib3.connectionpool:https://o996770.ingest.sentry.io:443 "POST /api/5955273/envelope/ HTTP/1.1" 200 41
DEBUG:urllib3.connectionpool:https://o996770.ingest.sentry.io:443 "POST /api/5955273/envelope/ HTTP/1.1" 200 41
DEBUG:urllib3.connectionpool:https://o996770.ingest.sentry.io:443 "POST /api/5955273/envelope/ HTTP/1.1" 200 41
DEBUG:urllib3.connectionpool:https://o996770.ingest.sentry.io:443 "POST /api/5955273/envelope/ HTTP/1.1" 200 41
DEBUG:urllib3.connectionpool:https://o996770.ingest.sentry.io:443 "POST /api/5955273/envelope/ HTTP/1.1" 200 41
DEBUG:urllib3.connectionpool:https://o996770.ingest.sentry.io:443 "POST /api/5955273/envelope/ HTTP/1.1" 200 41
DEBUG:urllib3.connectionpool:https://o996770.ingest.sentry.io:443 "POST /api/5955273/envelope/ HTTP/1.1" 200 41
DEBUG:urllib3.connectionpool:https://o996770.ingest.sentry.io:443 "POST /api/5955273/envelope/ HTTP/1.1" 200 41
DEBUG:urllib3.connectionpool:https://o996770.ingest.sentry.io:443 "POST /api/5955273/envelope/ HTTP/1.1" 200 41
DEBUG:urllib3.connectionpool:https://o996770.ingest.sentry.io:443 "POST /api/5955273/envelope/ HTTP/1.1" 200 41
DEBUG:urllib3.connectionpool:https://o996770.ingest.sentry.io:443 "POST /api/5955273/envelope/ HTTP/1.1" 200 41
DEBUG:urllib3.connectionpool:https://o996770.ingest.sentry.io:443 "POST /api/5955273/envelope/ HTTP/1.1" 200 41
DEBUG:urllib3.connectionpool:https://o996770.ingest.sentry.io:443 "POST /api/5955273/envelope/ HTTP/1.1" 200 41
DEBUG:urllib3.connectionpool:https://o996770.ingest.sentry.io:443 "POST /api/5955273/envelope/ HTTP/1.1" 200 41
DEBUG:urllib3.connectionpool:https://o996770.ingest.sentry.io:443 "POST /api/5955273/envelope/ HTTP/1.1" 200 41
DEBUG:urllib3.connectionpool:https://o996770.ingest.sentry.io:443 "POST /api/5955273/envelope/ HTTP/1.1" 200 41
DEBUG:urllib3.connectionpool:https://o996770.ingest.sentry.io:443 "POST /api/5955273/envelope/ HTTP/1.1" 200 41
DEBUG:urllib3.connectionpool:https://o996770.ingest.sentry.io:443 "POST /api/5955273/envelope/ HTTP/1.1" 200 41
DEBUG:urllib3.connectionpool:https://o996770.ingest.sentry.io:443 "POST /api/5955273/envelope/ HTTP/1.1" 200 41
DEBUG:urllib3.connectionpool:https://o996770.ingest.sentry.io:443 "POST /api/5955273/envelope/ HTTP/1.1" 200 2
WARNING:django.request:Bad Request: /graphql
DEBUG:urllib3.connectionpool:https://o996770.ingest.sentry.io:443 "POST /api/5955273/envelope/ HTTP/1.1" 200 41
DEBUG:urllib3.connectionpool:https://o996770.ingest.sentry.io:443 "POST /api/5955273/envelope/ HTTP/1.1" 200 41
DEBUG:urllib3.connectionpool:https://o996770.ingest.sentry.io:443 "POST /api/5955273/envelope/ HTTP/1.1" 200 41
DEBUG:urllib3.connectionpool:https://o996770.ingest.sentry.io:443 "POST /api/5955273/envelope/ HTTP/1.1" 200 41
DEBUG:urllib3.connectionpool:https://o996770.ingest.sentry.io:443 "POST /api/5955273/envelope/ HTTP/1.1" 200 41
DEBUG:urllib3.connectionpool:https://o996770.ingest.sentry.io:443 "POST /api/5955273/envelope/ HTTP/1.1" 200 41
DEBUG:urllib3.connectionpool:https://o996770.ingest.sentry.io:443 "POST /api/5955273/envelope/ HTTP/1.1" 200 2
DEBUG:urllib3.connectionpool:https://o996770.ingest.sentry.io:443 "POST /api/5955273/envelope/ HTTP/1.1" 200 41
DEBUG:urllib3.connectionpool:https://o996770.ingest.sentry.io:443 "POST /api/5955273/envelope/ HTTP/1.1" 200 2
INFO:django.utils.autoreload:Watching for file changes with StatReloader
DEBUG:urllib3.connectionpool:Starting new HTTPS connection (1): o996770.ingest.sentry.io:443
DEBUG:urllib3.connectionpool:https://o996770.ingest.sentry.io:443 "POST /api/5955273/envelope/ HTTP/1.1" 200 41
DEBUG:urllib3.connectionpool:https://o996770.ingest.sentry.io:443 "POST /api/5955273/envelope/ HTTP/1.1" 200 41
DEBUG:urllib3.connectionpool:https://o996770.ingest.sentry.io:443 "POST /api/5955273/envelope/ HTTP/1.1" 200 41
DEBUG:urllib3.connectionpool:https://o996770.ingest.sentry.io:443 "POST /api/5955273/envelope/ HTTP/1.1" 200 41
DEBUG:urllib3.connectionpool:https://o996770.ingest.sentry.io:443 "POST /api/5955273/envelope/ HTTP/1.1" 200 41
DEBUG:urllib3.connectionpool:https://o996770.ingest.sentry.io:443 "POST /api/5955273/envelope/ HTTP/1.1" 200 41
DEBUG:urllib3.connectionpool:https://o996770.ingest.sentry.io:443 "POST /api/5955273/envelope/ HTTP/1.1" 200 41
DEBUG:urllib3.connectionpool:https://o996770.ingest.sentry.io:443 "POST /api/5955273/envelope/ HTTP/1.1" 200 41
DEBUG:urllib3.connectionpool:https://o996770.ingest.sentry.io:443 "POST /api/5955273/envelope/ HTTP/1.1" 200 41
DEBUG:urllib3.connectionpool:https://o996770.ingest.sentry.io:443 "POST /api/5955273/envelope/ HTTP/1.1" 200 41
DEBUG:urllib3.connectionpool:https://o996770.ingest.sentry.io:443 "POST /api/5955273/envelope/ HTTP/1.1" 200 41
DEBUG:urllib3.connectionpool:https://o996770.ingest.sentry.io:443 "POST /api/5955273/envelope/ HTTP/1.1" 200 41
DEBUG:urllib3.connectionpool:https://o996770.ingest.sentry.io:443 "POST /api/5955273/envelope/ HTTP/1.1" 200 41
DEBUG:urllib3.connectionpool:https://o996770.ingest.sentry.io:443 "POST /api/5955273/envelope/ HTTP/1.1" 200 41
DEBUG:urllib3.connectionpool:https://o996770.ingest.sentry.io:443 "POST /api/5955273/envelope/ HTTP/1.1" 200 41
DEBUG:urllib3.connectionpool:https://o996770.ingest.sentry.io:443 "POST /api/5955273/envelope/ HTTP/1.1" 200 41
DEBUG:urllib3.connectionpool:https://o996770.ingest.sentry.io:443 "POST /api/5955273/envelope/ HTTP/1.1" 200 41
DEBUG:urllib3.connectionpool:https://o996770.ingest.sentry.io:443 "POST /api/5955273/envelope/ HTTP/1.1" 200 41
DEBUG:urllib3.connectionpool:https://o996770.ingest.sentry.io:443 "POST /api/5955273/envelope/ HTTP/1.1" 200 41
DEBUG:urllib3.connectionpool:https://o996770.ingest.sentry.io:443 "POST /api/5955273/envelope/ HTTP/1.1" 200 41
DEBUG:urllib3.connectionpool:https://o996770.ingest.sentry.io:443 "POST /api/5955273/envelope/ HTTP/1.1" 200 41
DEBUG:urllib3.connectionpool:https://o996770.ingest.sentry.io:443 "POST /api/5955273/envelope/ HTTP/1.1" 200 41
DEBUG:urllib3.connectionpool:https://o996770.ingest.sentry.io:443 "POST /api/5955273/envelope/ HTTP/1.1" 200 41
DEBUG:urllib3.connectionpool:https://o996770.ingest.sentry.io:443 "POST /api/5955273/envelope/ HTTP/1.1" 200 41
DEBUG:urllib3.connectionpool:https://o996770.ingest.sentry.io:443 "POST /api/5955273/envelope/ HTTP/1.1" 200 41
DEBUG:urllib3.connectionpool:https://o996770.ingest.sentry.io:443 "POST /api/5955273/envelope/ HTTP/1.1" 200 41
DEBUG:urllib3.connectionpool:https://o996770.ingest.sentry.io:443 "POST /api/5955273/envelope/ HTTP/1.1" 200 41
DEBUG:urllib3.connectionpool:https://o996770.ingest.sentry.io:443 "POST /api/5955273/envelope/ HTTP/1.1" 200 41
DEBUG:urllib3.connectionpool:https://o996770.ingest.sentry.io:443 "POST /api/5955273/envelope/ HTTP/1.1" 200 41
DEBUG:urllib3.connectionpool:https://o996770.ingest.sentry.io:443 "POST /api/5955273/envelope/ HTTP/1.1" 200 41
DEBUG:urllib3.connectionpool:https://o996770.ingest.sentry.io:443 "POST /api/5955273/envelope/ HTTP/1.1" 200 41
DEBUG:urllib3.connectionpool:https://o996770.ingest.sentry.io:443 "POST /api/5955273/envelope/ HTTP/1.1" 200 41
DEBUG:urllib3.connectionpool:https://o996770.ingest.sentry.io:443 "POST /api/5955273/envelope/ HTTP/1.1" 200 41
DEBUG:urllib3.connectionpool:https://o996770.ingest.sentry.io:443 "POST /api/5955273/envelope/ HTTP/1.1" 200 41
DEBUG:urllib3.connectionpool:https://o996770.ingest.sentry.io:443 "POST /api/5955273/envelope/ HTTP/1.1" 200 41
DEBUG:urllib3.connectionpool:https://o996770.ingest.sentry.io:443 "POST /api/5955273/envelope/ HTTP/1.1" 200 41
DEBUG:urllib3.connectionpool:https://o996770.ingest.sentry.io:443 "POST /api/5955273/envelope/ HTTP/1.1" 200 41
DEBUG:urllib3.connectionpool:https://o996770.ingest.sentry.io:443 "POST /api/5955273/envelope/ HTTP/1.1" 200 41
DEBUG:urllib3.connectionpool:https://o996770.ingest.sentry.io:443 "POST /api/5955273/envelope/ HTTP/1.1" 200 41
DEBUG:urllib3.connectionpool:https://o996770.ingest.sentry.io:443 "POST /api/5955273/envelope/ HTTP/1.1" 200 41
DEBUG:urllib3.connectionpool:https://o996770.ingest.sentry.io:443 "POST /api/5955273/envelope/ HTTP/1.1" 200 41
DEBUG:urllib3.connectionpool:https://o996770.ingest.sentry.io:443 "POST /api/5955273/envelope/ HTTP/1.1" 200 41
DEBUG:urllib3.connectionpool:https://o996770.ingest.sentry.io:443 "POST /api/5955273/envelope/ HTTP/1.1" 200 41
DEBUG:urllib3.connectionpool:https://o996770.ingest.sentry.io:443 "POST /api/5955273/envelope/ HTTP/1.1" 200 41
DEBUG:urllib3.connectionpool:https://o996770.ingest.sentry.io:443 "POST /api/5955273/envelope/ HTTP/1.1" 200 2
DEBUG:urllib3.connectionpool:https://o996770.ingest.sentry.io:443 "POST /api/5955273/envelope/ HTTP/1.1" 200 41
WARNING:django.request:Not Found: /en/admin/swagger/
DEBUG:urllib3.connectionpool:https://o996770.ingest.sentry.io:443 "POST /api/5955273/envelope/ HTTP/1.1" 200 41
DEBUG:urllib3.connectionpool:https://o996770.ingest.sentry.io:443 "POST /api/5955273/envelope/ HTTP/1.1" 200 41
WARNING:django.request:Not Found: /en/swagger/
DEBUG:urllib3.connectionpool:https://o996770.ingest.sentry.io:443 "POST /api/5955273/envelope/ HTTP/1.1" 200 41
DEBUG:urllib3.connectionpool:https://o996770.ingest.sentry.io:443 "POST /api/5955273/envelope/ HTTP/1.1" 200 2
DEBUG:urllib3.connectionpool:https://o996770.ingest.sentry.io:443 "POST /api/5955273/envelope/ HTTP/1.1" 200 41
DEBUG:urllib3.connectionpool:https://o996770.ingest.sentry.io:443 "POST /api/5955273/envelope/ HTTP/1.1" 200 41
DEBUG:urllib3.connectionpool:https://o996770.ingest.sentry.io:443 "POST /api/5955273/envelope/ HTTP/1.1" 200 41
DEBUG:urllib3.connectionpool:https://o996770.ingest.sentry.io:443 "POST /api/5955273/envelope/ HTTP/1.1" 200 41
DEBUG:urllib3.connectionpool:https://o996770.ingest.sentry.io:443 "POST /api/5955273/envelope/ HTTP/1.1" 200 41
DEBUG:urllib3.connectionpool:https://o996770.ingest.sentry.io:443 "POST /api/5955273/envelope/ HTTP/1.1" 200 41
DEBUG:urllib3.connectionpool:https://o996770.ingest.sentry.io:443 "POST /api/5955273/envelope/ HTTP/1.1" 200 41
DEBUG:urllib3.connectionpool:https://o996770.ingest.sentry.io:443 "POST /api/5955273/envelope/ HTTP/1.1" 200 41
DEBUG:urllib3.connectionpool:https://o996770.ingest.sentry.io:443 "POST /api/5955273/envelope/ HTTP/1.1" 200 41
DEBUG:urllib3.connectionpool:https://o996770.ingest.sentry.io:443 "POST /api/5955273/envelope/ HTTP/1.1" 200 41
DEBUG:urllib3.connectionpool:https://o996770.ingest.sentry.io:443 "POST /api/5955273/envelope/ HTTP/1.1" 200 41
WARNING:drf_yasg.inspectors.base:view's LineList raised exception during schema generation; use `getattr(self, 'swagger_fake_view', False)` to detect and short-circuit this
Traceback (most recent call last):
  File "C:\Users\Basti\OneDrive\Documents\My Websites\Handmade Sites\Backend-Projects\Alternate-CMS\env\lib\site-packages\django\shortcuts.py", line 93, in get_object_or_404
    return queryset.get(*args, **kwargs)
  File "C:\Users\Basti\OneDrive\Documents\My Websites\Handmade Sites\Backend-Projects\Alternate-CMS\env\lib\site-packages\django\db\models\manager.py", line 82, in manager_method
    return getattr(self.get_queryset(), name)(*args, **kwargs)
  File "C:\Users\Basti\OneDrive\Documents\My Websites\Handmade Sites\Backend-Projects\Alternate-CMS\env\lib\site-packages\django\db\models\query.py", line 406, in get
    raise self.model.DoesNotExist(
oscar.apps.basket.models.Basket.DoesNotExist: Basket matching query does not exist.

During handling of the above exception, another exception occurred:

Traceback (most recent call last):
  File "C:\Users\Basti\OneDrive\Documents\My Websites\Handmade Sites\Backend-Projects\Alternate-CMS\env\lib\site-packages\drf_yasg\inspectors\base.py", line 42, in call_view_method
    return view_method()
  File "C:\Users\Basti\OneDrive\Documents\My Websites\Handmade Sites\Backend-Projects\Alternate-CMS\env\lib\site-packages\oscarapi\views\basket.py", line 290, in get_queryset
    basket = self.check_basket_permission(self.request, basket_pk=basket_pk)
  File "C:\Users\Basti\OneDrive\Documents\My Websites\Handmade Sites\Backend-Projects\Alternate-CMS\env\lib\site-packages\oscarapi\views\utils.py", line 54, in check_basket_permission
    basket = generics.get_object_or_404(Basket.objects, pk=basket_pk)
  File "C:\Users\Basti\OneDrive\Documents\My Websites\Handmade Sites\Backend-Projects\Alternate-CMS\env\lib\site-packages\rest_framework\generics.py", line 19, in get_object_or_404
    return _get_object_or_404(queryset, *filter_args, **filter_kwargs)
  File "C:\Users\Basti\OneDrive\Documents\My Websites\Handmade Sites\Backend-Projects\Alternate-CMS\env\lib\site-packages\django\shortcuts.py", line 95, in get_object_or_404
    raise Http404('No %s matches the given query.' % queryset.model._meta.object_name)
django.http.response.Http404: No Basket matches the given query.
WARNING:drf_yasg.inspectors.base:view's LineList raised exception during schema generation; use `getattr(self, 'swagger_fake_view', False)` to detect and short-circuit this
Traceback (most recent call last):
  File "C:\Users\Basti\OneDrive\Documents\My Websites\Handmade Sites\Backend-Projects\Alternate-CMS\env\lib\site-packages\django\shortcuts.py", line 93, in get_object_or_404
    return queryset.get(*args, **kwargs)
  File "C:\Users\Basti\OneDrive\Documents\My Websites\Handmade Sites\Backend-Projects\Alternate-CMS\env\lib\site-packages\django\db\models\manager.py", line 82, in manager_method
    return getattr(self.get_queryset(), name)(*args, **kwargs)
  File "C:\Users\Basti\OneDrive\Documents\My Websites\Handmade Sites\Backend-Projects\Alternate-CMS\env\lib\site-packages\django\db\models\query.py", line 406, in get
    raise self.model.DoesNotExist(
oscar.apps.basket.models.Basket.DoesNotExist: Basket matching query does not exist.

During handling of the above exception, another exception occurred:

Traceback (most recent call last):
  File "C:\Users\Basti\OneDrive\Documents\My Websites\Handmade Sites\Backend-Projects\Alternate-CMS\env\lib\site-packages\drf_yasg\inspectors\base.py", line 42, in call_view_method
    return view_method()
  File "C:\Users\Basti\OneDrive\Documents\My Websites\Handmade Sites\Backend-Projects\Alternate-CMS\env\lib\site-packages\oscarapi\views\basket.py", line 290, in get_queryset
    basket = self.check_basket_permission(self.request, basket_pk=basket_pk)
  File "C:\Users\Basti\OneDrive\Documents\My Websites\Handmade Sites\Backend-Projects\Alternate-CMS\env\lib\site-packages\oscarapi\views\utils.py", line 54, in check_basket_permission
    basket = generics.get_object_or_404(Basket.objects, pk=basket_pk)
  File "C:\Users\Basti\OneDrive\Documents\My Websites\Handmade Sites\Backend-Projects\Alternate-CMS\env\lib\site-packages\rest_framework\generics.py", line 19, in get_object_or_404
    return _get_object_or_404(queryset, *filter_args, **filter_kwargs)
  File "C:\Users\Basti\OneDrive\Documents\My Websites\Handmade Sites\Backend-Projects\Alternate-CMS\env\lib\site-packages\django\shortcuts.py", line 95, in get_object_or_404
    raise Http404('No %s matches the given query.' % queryset.model._meta.object_name)
django.http.response.Http404: No Basket matches the given query.
WARNING:drf_yasg.inspectors.base:view's BasketLineDetail raised exception during schema generation; use `getattr(self, 'swagger_fake_view', False)` to detect and short-circuit this
Traceback (most recent call last):
  File "C:\Users\Basti\OneDrive\Documents\My Websites\Handmade Sites\Backend-Projects\Alternate-CMS\env\lib\site-packages\django\shortcuts.py", line 93, in get_object_or_404
    return queryset.get(*args, **kwargs)
  File "C:\Users\Basti\OneDrive\Documents\My Websites\Handmade Sites\Backend-Projects\Alternate-CMS\env\lib\site-packages\django\db\models\query.py", line 406, in get
    raise self.model.DoesNotExist(
oscar.apps.basket.models.Basket.DoesNotExist: Basket matching query does not exist.

During handling of the above exception, another exception occurred:

Traceback (most recent call last):
  File "C:\Users\Basti\OneDrive\Documents\My Websites\Handmade Sites\Backend-Projects\Alternate-CMS\env\lib\site-packages\drf_yasg\inspectors\base.py", line 42, in call_view_method
    return view_method()
  File "C:\Users\Basti\OneDrive\Documents\My Websites\Handmade Sites\Backend-Projects\Alternate-CMS\env\lib\site-packages\oscarapi\views\basket.py", line 322, in get_queryset
    basket = generics.get_object_or_404(operations.editable_baskets(), pk=basket_pk)
  File "C:\Users\Basti\OneDrive\Documents\My Websites\Handmade Sites\Backend-Projects\Alternate-CMS\env\lib\site-packages\rest_framework\generics.py", line 19, in get_object_or_404
    return _get_object_or_404(queryset, *filter_args, **filter_kwargs)
  File "C:\Users\Basti\OneDrive\Documents\My Websites\Handmade Sites\Backend-Projects\Alternate-CMS\env\lib\site-packages\django\shortcuts.py", line 95, in get_object_or_404
    raise Http404('No %s matches the given query.' % queryset.model._meta.object_name)
django.http.response.Http404: No Basket matches the given query.
WARNING:drf_yasg.inspectors.base:view's BasketLineDetail raised exception during schema generation; use `getattr(self, 'swagger_fake_view', False)` to detect and short-circuit this
Traceback (most recent call last):
  File "C:\Users\Basti\OneDrive\Documents\My Websites\Handmade Sites\Backend-Projects\Alternate-CMS\env\lib\site-packages\django\shortcuts.py", line 93, in get_object_or_404
    return queryset.get(*args, **kwargs)
  File "C:\Users\Basti\OneDrive\Documents\My Websites\Handmade Sites\Backend-Projects\Alternate-CMS\env\lib\site-packages\django\db\models\query.py", line 406, in get
    raise self.model.DoesNotExist(
oscar.apps.basket.models.Basket.DoesNotExist: Basket matching query does not exist.

During handling of the above exception, another exception occurred:

Traceback (most recent call last):
  File "C:\Users\Basti\OneDrive\Documents\My Websites\Handmade Sites\Backend-Projects\Alternate-CMS\env\lib\site-packages\drf_yasg\inspectors\base.py", line 42, in call_view_method
    return view_method()
  File "C:\Users\Basti\OneDrive\Documents\My Websites\Handmade Sites\Backend-Projects\Alternate-CMS\env\lib\site-packages\oscarapi\views\basket.py", line 322, in get_queryset
    basket = generics.get_object_or_404(operations.editable_baskets(), pk=basket_pk)
  File "C:\Users\Basti\OneDrive\Documents\My Websites\Handmade Sites\Backend-Projects\Alternate-CMS\env\lib\site-packages\rest_framework\generics.py", line 19, in get_object_or_404
    return _get_object_or_404(queryset, *filter_args, **filter_kwargs)
  File "C:\Users\Basti\OneDrive\Documents\My Websites\Handmade Sites\Backend-Projects\Alternate-CMS\env\lib\site-packages\django\shortcuts.py", line 95, in get_object_or_404
    raise Http404('No %s matches the given query.' % queryset.model._meta.object_name)
django.http.response.Http404: No Basket matches the given query.
WARNING:drf_yasg.inspectors.base:view's LineList raised exception during schema generation; use `getattr(self, 'swagger_fake_view', False)` to detect and short-circuit this
Traceback (most recent call last):
  File "C:\Users\Basti\OneDrive\Documents\My Websites\Handmade Sites\Backend-Projects\Alternate-CMS\env\lib\site-packages\django\shortcuts.py", line 93, in get_object_or_404
    return queryset.get(*args, **kwargs)
  File "C:\Users\Basti\OneDrive\Documents\My Websites\Handmade Sites\Backend-Projects\Alternate-CMS\env\lib\site-packages\django\db\models\manager.py", line 82, in manager_method
    return getattr(self.get_queryset(), name)(*args, **kwargs)
  File "C:\Users\Basti\OneDrive\Documents\My Websites\Handmade Sites\Backend-Projects\Alternate-CMS\env\lib\site-packages\django\db\models\query.py", line 406, in get
    raise self.model.DoesNotExist(
oscar.apps.basket.models.Basket.DoesNotExist: Basket matching query does not exist.

During handling of the above exception, another exception occurred:

Traceback (most recent call last):
  File "C:\Users\Basti\OneDrive\Documents\My Websites\Handmade Sites\Backend-Projects\Alternate-CMS\env\lib\site-packages\drf_yasg\inspectors\base.py", line 42, in call_view_method
    return view_method()
  File "C:\Users\Basti\OneDrive\Documents\My Websites\Handmade Sites\Backend-Projects\Alternate-CMS\env\lib\site-packages\oscarapi\views\basket.py", line 290, in get_queryset
    basket = self.check_basket_permission(self.request, basket_pk=basket_pk)
  File "C:\Users\Basti\OneDrive\Documents\My Websites\Handmade Sites\Backend-Projects\Alternate-CMS\env\lib\site-packages\oscarapi\views\utils.py", line 54, in check_basket_permission
    basket = generics.get_object_or_404(Basket.objects, pk=basket_pk)
  File "C:\Users\Basti\OneDrive\Documents\My Websites\Handmade Sites\Backend-Projects\Alternate-CMS\env\lib\site-packages\rest_framework\generics.py", line 19, in get_object_or_404
    return _get_object_or_404(queryset, *filter_args, **filter_kwargs)
  File "C:\Users\Basti\OneDrive\Documents\My Websites\Handmade Sites\Backend-Projects\Alternate-CMS\env\lib\site-packages\django\shortcuts.py", line 95, in get_object_or_404
    raise Http404('No %s matches the given query.' % queryset.model._meta.object_name)
django.http.response.Http404: No Basket matches the given query.
WARNING:drf_yasg.inspectors.base:view's LineList raised exception during schema generation; use `getattr(self, 'swagger_fake_view', False)` to detect and short-circuit this
Traceback (most recent call last):
  File "C:\Users\Basti\OneDrive\Documents\My Websites\Handmade Sites\Backend-Projects\Alternate-CMS\env\lib\site-packages\django\shortcuts.py", line 93, in get_object_or_404
    return queryset.get(*args, **kwargs)
  File "C:\Users\Basti\OneDrive\Documents\My Websites\Handmade Sites\Backend-Projects\Alternate-CMS\env\lib\site-packages\django\db\models\manager.py", line 82, in manager_method
    return getattr(self.get_queryset(), name)(*args, **kwargs)
  File "C:\Users\Basti\OneDrive\Documents\My Websites\Handmade Sites\Backend-Projects\Alternate-CMS\env\lib\site-packages\django\db\models\query.py", line 406, in get
    raise self.model.DoesNotExist(
oscar.apps.basket.models.Basket.DoesNotExist: Basket matching query does not exist.

During handling of the above exception, another exception occurred:

Traceback (most recent call last):
  File "C:\Users\Basti\OneDrive\Documents\My Websites\Handmade Sites\Backend-Projects\Alternate-CMS\env\lib\site-packages\drf_yasg\inspectors\base.py", line 42, in call_view_method
    return view_method()
  File "C:\Users\Basti\OneDrive\Documents\My Websites\Handmade Sites\Backend-Projects\Alternate-CMS\env\lib\site-packages\oscarapi\views\basket.py", line 290, in get_queryset
    basket = self.check_basket_permission(self.request, basket_pk=basket_pk)
  File "C:\Users\Basti\OneDrive\Documents\My Websites\Handmade Sites\Backend-Projects\Alternate-CMS\env\lib\site-packages\oscarapi\views\utils.py", line 54, in check_basket_permission
    basket = generics.get_object_or_404(Basket.objects, pk=basket_pk)
  File "C:\Users\Basti\OneDrive\Documents\My Websites\Handmade Sites\Backend-Projects\Alternate-CMS\env\lib\site-packages\rest_framework\generics.py", line 19, in get_object_or_404
    return _get_object_or_404(queryset, *filter_args, **filter_kwargs)
  File "C:\Users\Basti\OneDrive\Documents\My Websites\Handmade Sites\Backend-Projects\Alternate-CMS\env\lib\site-packages\django\shortcuts.py", line 95, in get_object_or_404
    raise Http404('No %s matches the given query.' % queryset.model._meta.object_name)
django.http.response.Http404: No Basket matches the given query.
WARNING:drf_yasg.inspectors.base:view's BasketLineDetail raised exception during schema generation; use `getattr(self, 'swagger_fake_view', False)` to detect and short-circuit this
Traceback (most recent call last):
  File "C:\Users\Basti\OneDrive\Documents\My Websites\Handmade Sites\Backend-Projects\Alternate-CMS\env\lib\site-packages\django\shortcuts.py", line 93, in get_object_or_404
    return queryset.get(*args, **kwargs)
  File "C:\Users\Basti\OneDrive\Documents\My Websites\Handmade Sites\Backend-Projects\Alternate-CMS\env\lib\site-packages\django\db\models\query.py", line 406, in get
    raise self.model.DoesNotExist(
oscar.apps.basket.models.Basket.DoesNotExist: Basket matching query does not exist.

During handling of the above exception, another exception occurred:

Traceback (most recent call last):
  File "C:\Users\Basti\OneDrive\Documents\My Websites\Handmade Sites\Backend-Projects\Alternate-CMS\env\lib\site-packages\drf_yasg\inspectors\base.py", line 42, in call_view_method
    return view_method()
  File "C:\Users\Basti\OneDrive\Documents\My Websites\Handmade Sites\Backend-Projects\Alternate-CMS\env\lib\site-packages\oscarapi\views\basket.py", line 322, in get_queryset
    basket = generics.get_object_or_404(operations.editable_baskets(), pk=basket_pk)
  File "C:\Users\Basti\OneDrive\Documents\My Websites\Handmade Sites\Backend-Projects\Alternate-CMS\env\lib\site-packages\rest_framework\generics.py", line 19, in get_object_or_404
    return _get_object_or_404(queryset, *filter_args, **filter_kwargs)
  File "C:\Users\Basti\OneDrive\Documents\My Websites\Handmade Sites\Backend-Projects\Alternate-CMS\env\lib\site-packages\django\shortcuts.py", line 95, in get_object_or_404
    raise Http404('No %s matches the given query.' % queryset.model._meta.object_name)
django.http.response.Http404: No Basket matches the given query.
WARNING:drf_yasg.inspectors.base:view's BasketLineDetail raised exception during schema generation; use `getattr(self, 'swagger_fake_view', False)` to detect and short-circuit this
Traceback (most recent call last):
  File "C:\Users\Basti\OneDrive\Documents\My Websites\Handmade Sites\Backend-Projects\Alternate-CMS\env\lib\site-packages\django\shortcuts.py", line 93, in get_object_or_404
    return queryset.get(*args, **kwargs)
  File "C:\Users\Basti\OneDrive\Documents\My Websites\Handmade Sites\Backend-Projects\Alternate-CMS\env\lib\site-packages\django\db\models\query.py", line 406, in get
    raise self.model.DoesNotExist(
oscar.apps.basket.models.Basket.DoesNotExist: Basket matching query does not exist.

During handling of the above exception, another exception occurred:

Traceback (most recent call last):
  File "C:\Users\Basti\OneDrive\Documents\My Websites\Handmade Sites\Backend-Projects\Alternate-CMS\env\lib\site-packages\drf_yasg\inspectors\base.py", line 42, in call_view_method
    return view_method()
  File "C:\Users\Basti\OneDrive\Documents\My Websites\Handmade Sites\Backend-Projects\Alternate-CMS\env\lib\site-packages\oscarapi\views\basket.py", line 322, in get_queryset
    basket = generics.get_object_or_404(operations.editable_baskets(), pk=basket_pk)
  File "C:\Users\Basti\OneDrive\Documents\My Websites\Handmade Sites\Backend-Projects\Alternate-CMS\env\lib\site-packages\rest_framework\generics.py", line 19, in get_object_or_404
    return _get_object_or_404(queryset, *filter_args, **filter_kwargs)
  File "C:\Users\Basti\OneDrive\Documents\My Websites\Handmade Sites\Backend-Projects\Alternate-CMS\env\lib\site-packages\django\shortcuts.py", line 95, in get_object_or_404
    raise Http404('No %s matches the given query.' % queryset.model._meta.object_name)
django.http.response.Http404: No Basket matches the given query.
WARNING:drf_yasg.inspectors.base:view's BasketLineDetail raised exception during schema generation; use `getattr(self, 'swagger_fake_view', False)` to detect and short-circuit this
Traceback (most recent call last):
  File "C:\Users\Basti\OneDrive\Documents\My Websites\Handmade Sites\Backend-Projects\Alternate-CMS\env\lib\site-packages\django\shortcuts.py", line 93, in get_object_or_404
    return queryset.get(*args, **kwargs)
  File "C:\Users\Basti\OneDrive\Documents\My Websites\Handmade Sites\Backend-Projects\Alternate-CMS\env\lib\site-packages\django\db\models\query.py", line 406, in get
    raise self.model.DoesNotExist(
oscar.apps.basket.models.Basket.DoesNotExist: Basket matching query does not exist.

During handling of the above exception, another exception occurred:

Traceback (most recent call last):
  File "C:\Users\Basti\OneDrive\Documents\My Websites\Handmade Sites\Backend-Projects\Alternate-CMS\env\lib\site-packages\drf_yasg\inspectors\base.py", line 42, in call_view_method
    return view_method()
  File "C:\Users\Basti\OneDrive\Documents\My Websites\Handmade Sites\Backend-Projects\Alternate-CMS\env\lib\site-packages\oscarapi\views\basket.py", line 322, in get_queryset
    basket = generics.get_object_or_404(operations.editable_baskets(), pk=basket_pk)
  File "C:\Users\Basti\OneDrive\Documents\My Websites\Handmade Sites\Backend-Projects\Alternate-CMS\env\lib\site-packages\rest_framework\generics.py", line 19, in get_object_or_404
    return _get_object_or_404(queryset, *filter_args, **filter_kwargs)
  File "C:\Users\Basti\OneDrive\Documents\My Websites\Handmade Sites\Backend-Projects\Alternate-CMS\env\lib\site-packages\django\shortcuts.py", line 95, in get_object_or_404
    raise Http404('No %s matches the given query.' % queryset.model._meta.object_name)
django.http.response.Http404: No Basket matches the given query.
WARNING:drf_yasg.inspectors.base:view's BasketLineDetail raised exception during schema generation; use `getattr(self, 'swagger_fake_view', False)` to detect and short-circuit this
Traceback (most recent call last):
  File "C:\Users\Basti\OneDrive\Documents\My Websites\Handmade Sites\Backend-Projects\Alternate-CMS\env\lib\site-packages\django\shortcuts.py", line 93, in get_object_or_404
    return queryset.get(*args, **kwargs)
  File "C:\Users\Basti\OneDrive\Documents\My Websites\Handmade Sites\Backend-Projects\Alternate-CMS\env\lib\site-packages\django\db\models\query.py", line 406, in get
    raise self.model.DoesNotExist(
oscar.apps.basket.models.Basket.DoesNotExist: Basket matching query does not exist.

During handling of the above exception, another exception occurred:

Traceback (most recent call last):
  File "C:\Users\Basti\OneDrive\Documents\My Websites\Handmade Sites\Backend-Projects\Alternate-CMS\env\lib\site-packages\drf_yasg\inspectors\base.py", line 42, in call_view_method
    return view_method()
  File "C:\Users\Basti\OneDrive\Documents\My Websites\Handmade Sites\Backend-Projects\Alternate-CMS\env\lib\site-packages\oscarapi\views\basket.py", line 322, in get_queryset
    basket = generics.get_object_or_404(operations.editable_baskets(), pk=basket_pk)
  File "C:\Users\Basti\OneDrive\Documents\My Websites\Handmade Sites\Backend-Projects\Alternate-CMS\env\lib\site-packages\rest_framework\generics.py", line 19, in get_object_or_404
    return _get_object_or_404(queryset, *filter_args, **filter_kwargs)
  File "C:\Users\Basti\OneDrive\Documents\My Websites\Handmade Sites\Backend-Projects\Alternate-CMS\env\lib\site-packages\django\shortcuts.py", line 95, in get_object_or_404
    raise Http404('No %s matches the given query.' % queryset.model._meta.object_name)
django.http.response.Http404: No Basket matches the given query.
WARNING:drf_yasg.inspectors.base:view's BasketLineDetail raised exception during schema generation; use `getattr(self, 'swagger_fake_view', False)` to detect and short-circuit this
Traceback (most recent call last):
  File "C:\Users\Basti\OneDrive\Documents\My Websites\Handmade Sites\Backend-Projects\Alternate-CMS\env\lib\site-packages\django\shortcuts.py", line 93, in get_object_or_404
    return queryset.get(*args, **kwargs)
  File "C:\Users\Basti\OneDrive\Documents\My Websites\Handmade Sites\Backend-Projects\Alternate-CMS\env\lib\site-packages\django\db\models\query.py", line 406, in get
    raise self.model.DoesNotExist(
oscar.apps.basket.models.Basket.DoesNotExist: Basket matching query does not exist.

During handling of the above exception, another exception occurred:

Traceback (most recent call last):
  File "C:\Users\Basti\OneDrive\Documents\My Websites\Handmade Sites\Backend-Projects\Alternate-CMS\env\lib\site-packages\drf_yasg\inspectors\base.py", line 42, in call_view_method
    return view_method()
  File "C:\Users\Basti\OneDrive\Documents\My Websites\Handmade Sites\Backend-Projects\Alternate-CMS\env\lib\site-packages\oscarapi\views\basket.py", line 322, in get_queryset
    basket = generics.get_object_or_404(operations.editable_baskets(), pk=basket_pk)
  File "C:\Users\Basti\OneDrive\Documents\My Websites\Handmade Sites\Backend-Projects\Alternate-CMS\env\lib\site-packages\rest_framework\generics.py", line 19, in get_object_or_404
    return _get_object_or_404(queryset, *filter_args, **filter_kwargs)
  File "C:\Users\Basti\OneDrive\Documents\My Websites\Handmade Sites\Backend-Projects\Alternate-CMS\env\lib\site-packages\django\shortcuts.py", line 95, in get_object_or_404
    raise Http404('No %s matches the given query.' % queryset.model._meta.object_name)
django.http.response.Http404: No Basket matches the given query.
WARNING:drf_yasg.inspectors.base:view's BasketLineDetail raised exception during schema generation; use `getattr(self, 'swagger_fake_view', False)` to detect and short-circuit this
Traceback (most recent call last):
  File "C:\Users\Basti\OneDrive\Documents\My Websites\Handmade Sites\Backend-Projects\Alternate-CMS\env\lib\site-packages\django\shortcuts.py", line 93, in get_object_or_404
    return queryset.get(*args, **kwargs)
  File "C:\Users\Basti\OneDrive\Documents\My Websites\Handmade Sites\Backend-Projects\Alternate-CMS\env\lib\site-packages\django\db\models\query.py", line 406, in get
    raise self.model.DoesNotExist(
oscar.apps.basket.models.Basket.DoesNotExist: Basket matching query does not exist.

During handling of the above exception, another exception occurred:

Traceback (most recent call last):
  File "C:\Users\Basti\OneDrive\Documents\My Websites\Handmade Sites\Backend-Projects\Alternate-CMS\env\lib\site-packages\drf_yasg\inspectors\base.py", line 42, in call_view_method
    return view_method()
  File "C:\Users\Basti\OneDrive\Documents\My Websites\Handmade Sites\Backend-Projects\Alternate-CMS\env\lib\site-packages\oscarapi\views\basket.py", line 322, in get_queryset
    basket = generics.get_object_or_404(operations.editable_baskets(), pk=basket_pk)
  File "C:\Users\Basti\OneDrive\Documents\My Websites\Handmade Sites\Backend-Projects\Alternate-CMS\env\lib\site-packages\rest_framework\generics.py", line 19, in get_object_or_404
    return _get_object_or_404(queryset, *filter_args, **filter_kwargs)
  File "C:\Users\Basti\OneDrive\Documents\My Websites\Handmade Sites\Backend-Projects\Alternate-CMS\env\lib\site-packages\django\shortcuts.py", line 95, in get_object_or_404
    raise Http404('No %s matches the given query.' % queryset.model._meta.object_name)
django.http.response.Http404: No Basket matches the given query.
DEBUG:urllib3.connectionpool:https://o996770.ingest.sentry.io:443 "POST /api/5955273/envelope/ HTTP/1.1" 200 41
DEBUG:urllib3.connectionpool:https://o996770.ingest.sentry.io:443 "POST /api/5955273/envelope/ HTTP/1.1" 200 2
DEBUG:urllib3.connectionpool:Resetting dropped connection: o996770.ingest.sentry.io
DEBUG:urllib3.connectionpool:https://o996770.ingest.sentry.io:443 "POST /api/5955273/envelope/ HTTP/1.1" 200 41
DEBUG:urllib3.connectionpool:https://o996770.ingest.sentry.io:443 "POST /api/5955273/envelope/ HTTP/1.1" 200 41
DEBUG:urllib3.connectionpool:https://o996770.ingest.sentry.io:443 "POST /api/5955273/envelope/ HTTP/1.1" 200 41
DEBUG:urllib3.connectionpool:https://o996770.ingest.sentry.io:443 "POST /api/5955273/envelope/ HTTP/1.1" 200 41
DEBUG:urllib3.connectionpool:https://o996770.ingest.sentry.io:443 "POST /api/5955273/envelope/ HTTP/1.1" 200 41
DEBUG:urllib3.connectionpool:https://o996770.ingest.sentry.io:443 "POST /api/5955273/envelope/ HTTP/1.1" 200 2
WARNING:django.request:Not Found: /en/admin/comments/
DEBUG:urllib3.connectionpool:https://o996770.ingest.sentry.io:443 "POST /api/5955273/envelope/ HTTP/1.1" 200 41
DEBUG:urllib3.connectionpool:https://o996770.ingest.sentry.io:443 "POST /api/5955273/envelope/ HTTP/1.1" 200 2
DEBUG:urllib3.connectionpool:https://o996770.ingest.sentry.io:443 "POST /api/5955273/envelope/ HTTP/1.1" 200 41
WARNING:django.request:Not Found: /en/comments/
DEBUG:urllib3.connectionpool:https://o996770.ingest.sentry.io:443 "POST /api/5955273/envelope/ HTTP/1.1" 200 41
WARNING:django.request:Not Found: /en/admin/comments/
DEBUG:urllib3.connectionpool:https://o996770.ingest.sentry.io:443 "POST /api/5955273/envelope/ HTTP/1.1" 200 41
DEBUG:urllib3.connectionpool:https://o996770.ingest.sentry.io:443 "POST /api/5955273/envelope/ HTTP/1.1" 200 41
DEBUG:urllib3.connectionpool:https://o996770.ingest.sentry.io:443 "POST /api/5955273/envelope/ HTTP/1.1" 200 2
INFO:django.utils.autoreload:C:\Users\Basti\OneDrive\Documents\My Websites\Handmade Sites\Backend-Projects\Alternate-CMS\shop\settings.py changed, reloading.
INFO:django.utils.autoreload:Watching for file changes with StatReloader
DEBUG:urllib3.connectionpool:Starting new HTTPS connection (1): o996770.ingest.sentry.io:443
DEBUG:urllib3.connectionpool:https://o996770.ingest.sentry.io:443 "POST /api/5955273/envelope/ HTTP/1.1" 200 41
DEBUG:urllib3.connectionpool:https://o996770.ingest.sentry.io:443 "POST /api/5955273/envelope/ HTTP/1.1" 200 41
DEBUG:urllib3.connectionpool:https://o996770.ingest.sentry.io:443 "POST /api/5955273/envelope/ HTTP/1.1" 200 41
DEBUG:urllib3.connectionpool:https://o996770.ingest.sentry.io:443 "POST /api/5955273/envelope/ HTTP/1.1" 200 41
DEBUG:urllib3.connectionpool:https://o996770.ingest.sentry.io:443 "POST /api/5955273/envelope/ HTTP/1.1" 200 41
DEBUG:urllib3.connectionpool:https://o996770.ingest.sentry.io:443 "POST /api/5955273/envelope/ HTTP/1.1" 200 41
DEBUG:urllib3.connectionpool:https://o996770.ingest.sentry.io:443 "POST /api/5955273/envelope/ HTTP/1.1" 200 41
INFO:django.utils.autoreload:C:\Users\Basti\OneDrive\Documents\My Websites\Handmade Sites\Backend-Projects\Alternate-CMS\shop\customization.py changed, reloading.
DEBUG:urllib3.connectionpool:https://o996770.ingest.sentry.io:443 "POST /api/5955273/envelope/ HTTP/1.1" 200 2
INFO:django.utils.autoreload:Watching for file changes with StatReloader
INFO:django.utils.autoreload:C:\Users\Basti\OneDrive\Documents\My Websites\Handmade Sites\Backend-Projects\Alternate-CMS\shop\customization.py changed, reloading.
INFO:django.utils.autoreload:Watching for file changes with StatReloader
DEBUG:urllib3.connectionpool:Starting new HTTPS connection (1): o996770.ingest.sentry.io:443
DEBUG:urllib3.connectionpool:https://o996770.ingest.sentry.io:443 "POST /api/5955273/envelope/ HTTP/1.1" 200 41
DEBUG:urllib3.connectionpool:https://o996770.ingest.sentry.io:443 "POST /api/5955273/envelope/ HTTP/1.1" 200 41
DEBUG:urllib3.connectionpool:https://o996770.ingest.sentry.io:443 "POST /api/5955273/envelope/ HTTP/1.1" 200 41
INFO:django.utils.autoreload:C:\Users\Basti\OneDrive\Documents\My Websites\Handmade Sites\Backend-Projects\Alternate-CMS\shop\customization.py changed, reloading.
DEBUG:urllib3.connectionpool:https://o996770.ingest.sentry.io:443 "POST /api/5955273/envelope/ HTTP/1.1" 200 2
INFO:django.utils.autoreload:Watching for file changes with StatReloader
INFO:django.utils.autoreload:C:\Users\Basti\OneDrive\Documents\My Websites\Handmade Sites\Backend-Projects\Alternate-CMS\shop\customization.py changed, reloading.
INFO:django.utils.autoreload:Watching for file changes with StatReloader
INFO:django.utils.autoreload:C:\Users\Basti\OneDrive\Documents\My Websites\Handmade Sites\Backend-Projects\Alternate-CMS\shop\settings.py changed, reloading.
INFO:django.utils.autoreload:Watching for file changes with StatReloader
DEBUG:urllib3.connectionpool:Starting new HTTPS connection (1): o996770.ingest.sentry.io:443
DEBUG:urllib3.connectionpool:https://o996770.ingest.sentry.io:443 "POST /api/5955273/envelope/ HTTP/1.1" 200 41
DEBUG:urllib3.connectionpool:https://o996770.ingest.sentry.io:443 "POST /api/5955273/envelope/ HTTP/1.1" 200 41
DEBUG:urllib3.connectionpool:https://o996770.ingest.sentry.io:443 "POST /api/5955273/envelope/ HTTP/1.1" 200 41
DEBUG:urllib3.connectionpool:https://o996770.ingest.sentry.io:443 "POST /api/5955273/envelope/ HTTP/1.1" 200 41
DEBUG:urllib3.connectionpool:https://o996770.ingest.sentry.io:443 "POST /api/5955273/envelope/ HTTP/1.1" 200 41
DEBUG:urllib3.connectionpool:https://o996770.ingest.sentry.io:443 "POST /api/5955273/envelope/ HTTP/1.1" 200 41
DEBUG:urllib3.connectionpool:https://o996770.ingest.sentry.io:443 "POST /api/5955273/envelope/ HTTP/1.1" 200 41
DEBUG:urllib3.connectionpool:https://o996770.ingest.sentry.io:443 "POST /api/5955273/envelope/ HTTP/1.1" 200 41
DEBUG:urllib3.connectionpool:https://o996770.ingest.sentry.io:443 "POST /api/5955273/envelope/ HTTP/1.1" 200 41
DEBUG:urllib3.connectionpool:https://o996770.ingest.sentry.io:443 "POST /api/5955273/envelope/ HTTP/1.1" 200 41
DEBUG:urllib3.connectionpool:https://o996770.ingest.sentry.io:443 "POST /api/5955273/envelope/ HTTP/1.1" 200 41
DEBUG:urllib3.connectionpool:https://o996770.ingest.sentry.io:443 "POST /api/5955273/envelope/ HTTP/1.1" 200 41
DEBUG:urllib3.connectionpool:https://o996770.ingest.sentry.io:443 "POST /api/5955273/envelope/ HTTP/1.1" 200 41
DEBUG:urllib3.connectionpool:https://o996770.ingest.sentry.io:443 "POST /api/5955273/envelope/ HTTP/1.1" 200 41
DEBUG:urllib3.connectionpool:https://o996770.ingest.sentry.io:443 "POST /api/5955273/envelope/ HTTP/1.1" 200 41
DEBUG:urllib3.connectionpool:https://o996770.ingest.sentry.io:443 "POST /api/5955273/envelope/ HTTP/1.1" 200 2
DEBUG:urllib3.connectionpool:https://o996770.ingest.sentry.io:443 "POST /api/5955273/envelope/ HTTP/1.1" 200 41
DEBUG:urllib3.connectionpool:https://o996770.ingest.sentry.io:443 "POST /api/5955273/envelope/ HTTP/1.1" 200 41
DEBUG:urllib3.connectionpool:https://o996770.ingest.sentry.io:443 "POST /api/5955273/envelope/ HTTP/1.1" 200 41
DEBUG:urllib3.connectionpool:https://o996770.ingest.sentry.io:443 "POST /api/5955273/envelope/ HTTP/1.1" 200 2
